positions: instr line
events: cpu(ms)

ob=
fl=(1) /usr/local/go/src/runtime/sys_darwin.go
fn=(1) syscall.syscall
0x104f4ce27 24 27040

ob=
fl=(1)
fn=(2) runtime.pthread_kill
-56796 177 14370

ob=
fl=(1)
fn=(3) runtime.pthread_cond_wait
+1812 507 12610

ob=
fl=(1)
fn=(4) runtime.usleep
-1268 302 10570

ob=
fl=(1)
fn=(5) runtime.madvise
-288 253 6250

ob=
fl=(1)
fn=(6) runtime.pthread_cond_signal
+1684 528 3860

ob=
fl=(1)
fn=(7) runtime.kevent
-432 458 2610

ob=
fl=(1)
fn=(8) runtime.pthread_cond_timedwait_relative_np
+368 517 1000

ob=
fl=(2) /usr/local/go/src/runtime/mbitmap.go
fn=(9) runtime.heapBits.nextFast
-208047 497 440

ob=
fl=(1)
fn=(10) runtime.nanotime1
+206931 337 380
cfl=(3) /usr/local/go/src/runtime/sys_libc.go
cfn=(11) runtime.libcCall
calls=0 +208772 26
* * 60

ob=
fl=(4) /usr/local/go/src/runtime/lfstack.go
fn=(12) runtime.(*lfstack).push
-284655 34 330

ob=
fl=(5) /usr/local/go/src/runtime/memmove_arm64.s
fn=(13) runtime.memmove
+357112 176 290

ob=
fl=(6) /usr/local/go/src/runtime/mgcmark.go
fn=(14) runtime.scanobject
-279404 1317 270

ob=
fl=(2)
fn=(9)
+8 491 260

ob=
fl=(6)
fn=(14)
+68 1321 240

ob=
fl=(2)
fn=(15) runtime.markBits.setMarked
+1196 247 220

ob=
fl=(6)
fn=(16) runtime.greyobject
+192 1481 190

ob=
fl=(7) /usr/local/go/src/runtime/mheap.go
fn=(17) runtime.(*gcBits).bytep
-336 2058 180

ob=
fl=(6)
fn=(14)
-1044 1325 160

ob=
fl=(6)
fn=(16)
+1164 1483 160

ob=
fl=(6)
fn=(18) runtime.gcDrain
-3336 1085 140

ob=
fl=(4)
fn=(19) runtime.(*lfstack).pop
+31048 48 140
-460 48 130

ob=
fl=(2)
fn=(20) runtime.findObject
-72496 332 120
+80 333 100

ob=
fl=(6)
fn=(21) runtime.scanblock
+43484 1232 90

ob=
fl=(6)
fn=(16)
+1552 1458 90

ob=
fl=(7)
fn=(22) runtime.spanOf
-45068 698 80

ob=
fl=(7)
fn=(23) runtime.(*mspan).base
+64 501 80

ob=
fl=(5)
fn=(13)
+323296 178 80

ob=
fl=(2)
fn=(20)
-323144 364 70

ob=
fl=(2)
fn=(24) runtime.writeHeapBits.flush
+3432 889 70

ob=
fl=(6)
fn=(18)
+38140 1078 70

ob=
fl=(6)
fn=(21)
+1756 1233 70

ob=
fl=(6)
fn=(16)
+1508 1458 70

ob=
fl=(8) /usr/local/go/src/runtime/proc.go
fn=(25) runtime.checkTimers
+122540 3431 70

ob=
fl=(1)
fn=(26) syscall.syscallPtr
+139947 79 70

ob=
fl=(2)
fn=(20)
-307223 343 60

ob=
fl=(2)
fn=(27) runtime.heapBitsForAddr
+40 406 60
+96 426 60

ob=
fl=(9) /usr/local/go/src/runtime/internal/atomic/types.go
fn=(28) runtime/internal/atomic.(*Int64).Add
+41920 109 60

ob=
fl=(6)
fn=(16)
+2664 1458 60

ob=
fl=(8)
fn=(29) runtime.(*randomEnum).next
+119324 6435 60

ob=
fl=(3)
fn=(11)
+88376 26 60

ob=
fl=(10) /usr/local/go/src/runtime/tls_arm64.s
fn=(30) runtime.save_g
+74264 47 60

ob=
fl=(2)
fn=(27)
-326500 439 50

ob=
fl=(6)
fn=(21)
+43036 1232 50

ob=
fl=(6)
fn=(14)
+400 1306 50
+80 1321 50
+44 1308 50

ob=
fl=(6)
fn=(16)
+1044 1465 50

ob=
fl=(2)
fn=(31) runtime.markBits.isMarked
+76 239 50

ob=
fl=(9)
fn=(28)
+5964 109 50

ob=
fl=(8)
fn=(32) runtime.stealWork
+113124 3096 50

ob=
fl=(5)
fn=(13)
+159076 174 50
+4 175 50

ob=
fl=(11) /usr/local/go/src/runtime/lock_sema.go
fn=(33) runtime.unlock2
-355964 103 40

ob=
fl=(2)
fn=(20)
+32668 349 40

ob=
fl=(2)
fn=(27)
+456 439 40

ob=
fl=(6)
fn=(18)
+41344 1084 40

ob=
fl=(12) /usr/local/go/src/runtime/mgcwork.go
fn=(34) runtime.(*gcWork).tryGetFast
+36 235 40

ob=
fl=(6)
fn=(21)
+1664 1235 40

ob=
fl=(6)
fn=(14)
+312 1269 40
+8 1273 40
+116 1308 40
+92 1335 40

ob=
fl=(6)
fn=(16)
+1028 1465 40
+16 1471 40
+216 1488 40

ob=
fl=(9)
fn=(35) runtime/internal/atomic.(*Int64).Load
+4384 74 40

ob=
fl=(4)
fn=(19)
+700 48 40

ob=
fl=(8)
fn=(32)
+113192 3045 40

ob=
fl=(8)
fn=(36) runtime.runqsteal
+31660 6200 40

ob=
fl=(4)
fn=(12)
-229068 32 30

ob=
fl=(11)
fn=(37) runtime.lock2
+656 38 30

ob=
fl=(2)
fn=(20)
+33084 332 30

ob=
fl=(2)
fn=(24)
+3720 889 30

ob=
fl=(9)
fn=(28)
+35324 109 30

ob=
fl=(6)
fn=(18)
+2836 1078 30

ob=
fl=(9)
fn=(28)
+232 109 30

ob=
fl=(6)
fn=(21)
+1408 1225 30

ob=
fl=(7)
fn=(38) runtime.spanOfUnchecked
+348 713 30

ob=
fl=(6)
fn=(14)
+268 1336 30

ob=
fl=(2)
fn=(15)
+1124 247 30

ob=
fl=(12)
fn=(39) runtime.(*gcWork).putFast
+256 154 30

ob=
fl=(9)
fn=(35)
+5056 74 30

ob=
fl=(8)
fn=(40) runtime.findRunnable
+109840 2743 30

ob=
fl=(4)
fn=(19)
+2692 42 30

ob=
fl=(8)
fn=(32)
+856 3053 30

ob=
fl=(8)
fn=(29)
+476 6436 30

ob=
fl=(9)
fn=(41) runtime/internal/atomic.(*Int32).Add
+1668 56 30

ob=
fl=(1)
fn=(42) runtime.pthread_mutex_lock
+85703 479 30
cfl=(3)
cfn=(11)
calls=0 +86664 24
* * 10

ob=
fl=(13) /usr/local/go/src/runtime/asm_arm64.s
fn=(43) runtime.procyield
+68581 893 30

ob=
fl=(13)
fn=(44) runtime.gcWriteBarrier
+456 1221 30

ob=
fl=(14) /usr/local/go/src/runtime/preempt_arm64.s
fn=(45) runtime.asyncPreempt
+2772 7 30

ob=
fl=(11)
fn=(37)
-356612 59 20

ob=
fl=(11)
fn=(33)
+652 123 20

ob=
fl=(2)
fn=(20)
+32472 349 20
+144 364 20
+8 337 20

ob=
fl=(2)
fn=(27)
+176 416 20

ob=
fl=(2)
fn=(24)
+3212 901 20

ob=
fl=(15) /usr/local/go/src/runtime/mgc.go
fn=(46) runtime.gcBgMarkWorker
+21568 1313 20
+452 1385 20

ob=
fl=(16) /usr/local/go/src/runtime/mgclimit.go
fn=(47) runtime.(*limiterEvent).consume
+6188 423 20

ob=
fl=(6)
fn=(18)
+9884 1062 20
+124 1078 20
+104 1089 20
+60 1099 20
+20 1108 20

ob=
fl=(6)
fn=(21)
+1688 1232 20

ob=
fl=(6)
fn=(14)
+296 1309 20
+28 1325 20

ob=
fl=(6)
fn=(16)
+1020 1458 20

ob=
fl=(2)
fn=(15)
+168 247 20

ob=
fl=(7)
fn=(48) runtime.pageIndexOf
+36 739 20

ob=
fl=(7)
fn=(23)
+16 501 20

ob=
fl=(6)
fn=(16)
+84 1488 20
+24 1493 20

ob=
fl=(12)
fn=(39)
+100 158 20

ob=
fl=(17) /usr/local/go/src/runtime/mgcpacer.go
fn=(49) runtime.(*gcControllerState).enlistWorker
+4260 700 20
+84 697 20

ob=
fl=(15)
fn=(50) runtime.gcMarkWorkAvailable
+464 1422 20

ob=
fl=(9)
fn=(28)
+1040 109 20

ob=
fl=(4)
fn=(19)
+21120 48 20
+40 48 20
+420 48 20

ob=
fl=(18) /usr/local/go/src/runtime/os_darwin.go
fn=(51) runtime.semacreate
+43176 27 20

ob=
fl=(8)
fn=(52) runtime.casgstatus
+30504 1039 20

ob=
fl=(8)
fn=(32)
+17336 3053 20
+12 3054 20
+24 3046 20
+88 3071 20
+160 3094 20
+8 3094 20

ob=
fl=(8)
fn=(53) runtime.runqempty
+472 5937 20

ob=
fl=(9)
fn=(41)
+1372 56 20

ob=
fl=(8)
fn=(25)
+1552 3435 20
+204 3437 20

ob=
fl=(8)
fn=(54) runtime.park_m
+452 3502 20

ob=
fl=(8)
fn=(55) runtime.preemptone
+20248 5540 20

ob=
fl=(8)
fn=(56) runtime.runqgrab
+6092 6141 20
+60 6145 20
+308 6178 20

ob=
fl=(19) /usr/local/go/src/runtime/stack.go
fn=(57) runtime.newstack
+35348 1000 20

ob=
fl=(20) /usr/local/go/src/runtime/symtab.go
fn=(58) runtime.findmoduledatap
+15048 825 20

ob=
fl=(1)
fn=(59) runtime.pthread_mutex_unlock
+6451 488 20

ob=
fl=(13)
fn=(60) runtime.systemstack
+59501 207 20

ob=
fl=(13)
fn=(44)
+9480 1224 20

ob=
fl=(5)
fn=(13)
+2524 169 20
+16 173 20

ob=
fl=(21) /usr/local/go/src/reflect/type.go
fn=(61) reflect.(*structType).Field
+107264 1256 20

ob=
fl=(21)
fn=(62) reflect.(*structType).FieldByName
+2468 1433 20

ob=
fl=(22) /usr/local/go/src/encoding/json/encode.go
fn=(63) encoding/json.(*encodeState).string
+208456 1032 20

ob=
fl=(23) /usr/local/go/src/internal/bytealg/indexbyte_arm64.s
fn=(64) indexbytebody
-705224 74 10
+36 89 10
+52 111 10

ob=
fl=(24) /usr/local/go/src/runtime/histogram.go
fn=(65) runtime.(*timeHistogram).record
+25112 105 10

ob=
fl=(4)
fn=(12)
+4636 24 10

ob=
fl=(4)
fn=(66) runtime.lfnodeValidate
+376 61 10

ob=
fl=(11)
fn=(37)
+264 46 10
+20 46 10
+60 46 10
+64 47 10

ob=
fl=(11)
fn=(33)
+488 108 10
+168 122 10

ob=
fl=(25) /usr/local/go/src/runtime/malloc.go
fn=(67) runtime.mallocgc
+5288 942 10

ob=
fl=(26) /usr/local/go/src/runtime/runtime1.go
fn=(68) runtime.releasem
+1464 490 10

ob=
fl=(7)
fn=(22)
+25652 694 10

ob=
fl=(2)
fn=(20)
+44 333 10
+184 364 10

ob=
fl=(2)
fn=(27)
+120 403 10
+20 406 10
+24 406 10
+4 416 10
+8 416 10
+124 439 10

ob=
fl=(2)
fn=(69) runtime.heapBits.next
+80 452 10
+4 464 10
+32 455 10

ob=
fl=(2)
fn=(24)
+3004 901 10
+8 902 10

ob=
fl=(27) /usr/local/go/src/runtime/mcache.go
fn=(70) runtime.(*mcache).refill
+3824 171 10

ob=
fl=(9)
fn=(71) runtime/internal/atomic.(*Uint64).Add
+56 344 10

ob=
fl=(28) /usr/local/go/src/runtime/mfixalloc.go
fn=(72) runtime.(*fixalloc).alloc
+9428 77 10

ob=
fl=(15)
fn=(73) runtime.gcTrigger.test
+1064 547 10

ob=
fl=(15)
fn=(46)
+7088 1275 10

ob=
fl=(26)
fn=(74) runtime.acquirem
+28 482 10

ob=
fl=(29) /usr/local/go/src/runtime/runtime2.go
fn=(75) runtime.puintptr.ptr
+76 285 10

ob=
fl=(15)
fn=(46)
+128 1329 10
+340 1386 10

ob=
fl=(16)
fn=(76) runtime.(*gcCPULimiterState).updateLocked
+5188 230 10

ob=
fl=(9)
fn=(77) runtime/internal/atomic.(*Uint64).CompareAndSwap
+1048 325 10

ob=
fl=(16)
fn=(78) runtime.(*limiterEvent).stop
+524 483 10

ob=
fl=(6)
fn=(79) runtime.gcAssistAlloc
+4340 449 10

ob=
fl=(9)
fn=(28)
+72 109 10
+1256 109 10

ob=
fl=(6)
fn=(80) runtime.gcAssistAlloc1
+48 606 10

ob=
fl=(6)
fn=(81) runtime.gcFlushBgCredit
+708 665 10

ob=
fl=(8)
fn=(82) runtime.(*gQueue).empty
+20 6224 10

ob=
fl=(6)
fn=(81)
+84 671 10

ob=
fl=(9)
fn=(28)
+28 109 10

ob=
fl=(12)
fn=(34)
+2920 240 10

ob=
fl=(6)
fn=(18)
+24 1088 10
+96 1109 10
+236 1078 10
+164 1135 10

ob=
fl=(6)
fn=(83) runtime.gcDrainN
+808 1196 10

ob=
fl=(9)
fn=(28)
+28 109 10

ob=
fl=(6)
fn=(21)
+216 1227 10
+48 1232 10
+28 1236 10
+4 1232 10
+32 1237 10

ob=
fl=(7)
fn=(38)
+240 713 10
+8 713 10

ob=
fl=(2)
fn=(9)
+112 491 10

ob=
fl=(6)
fn=(14)
+144 1336 10
+80 1342 10

ob=
fl=(6)
fn=(16)
+940 1471 10

ob=
fl=(2)
fn=(31)
+68 239 10

ob=
fl=(7)
fn=(48)
+72 739 10
+16 738 10

ob=
fl=(6)
fn=(16)
+20 1487 10
+20 1487 10
+68 1493 10

ob=
fl=(17)
fn=(49)
+4336 696 10

ob=
fl=(17)
fn=(84) runtime.(*gcControllerState).findRunnableGCWorker
+416 725 10

ob=
fl=(15)
fn=(50)
+96 1416 10

ob=
fl=(17)
fn=(84)
+104 741 10
+16 746 10

ob=
fl=(4)
fn=(19)
+112 48 10

ob=
fl=(17)
fn=(85) runtime.(*gcControllerState).findRunnableGCWorker.func1
+72 773 10

ob=
fl=(9)
fn=(86) runtime/internal/atomic.(*Int64).CompareAndSwap
+4 90 10

ob=
fl=(17)
fn=(84)
+216 803 10

ob=
fl=(9)
fn=(87) runtime/internal/atomic.(*Uint64).Store
+160 316 10

ob=
fl=(9)
fn=(71)
+564 344 10

ob=
fl=(17)
fn=(88) runtime.(*gcControllerState).heapGoalInternal
+364 939 10

ob=
fl=(17)
fn=(89) runtime.(*gcControllerState).addIdleMarkWorker
+1204 1331 10

ob=
fl=(9)
fn=(77)
+56 325 10

ob=
fl=(9)
fn=(90) runtime/internal/atomic.(*Uint8).Load
+12184 124 10

ob=
fl=(12)
fn=(91) runtime.(*gcWork).tryGet
+5752 204 10
+128 218 10
+36 226 10

ob=
fl=(12)
fn=(92) runtime.(*gcWork).balance
+396 288 10
+48 296 10

ob=
fl=(4)
fn=(19)
+756 42 10

ob=
fl=(12)
fn=(93) runtime.getempty
+96 356 10

ob=
fl=(12)
fn=(94) runtime.putempty
+140 408 10

ob=
fl=(12)
fn=(95) runtime.putfull
+128 420 10

ob=
fl=(4)
fn=(19)
+188 48 10

ob=
fl=(12)
fn=(96) runtime.handoff
+184 447 10

ob=
fl=(7)
fn=(97) runtime.(*mheap).allocNeedsZero
+4332 1019 10

ob=
fl=(7)
fn=(98) runtime.(*mheap).allocSpan
+1432 1340 10

ob=
fl=(7)
fn=(99) runtime.(*mspan).init
+3704 1663 10

ob=
fl=(7)
fn=(100) runtime.(*gcBitsArena).tryAlloc
+3732 2094 10

ob=
fl=(30) /usr/local/go/src/runtime/mpagealloc.go
fn=(101) runtime.(*pageAlloc).find
+4172 666 10
+620 689 10

ob=
fl=(30)
fn=(102) runtime.mergeSummaries
+3220 968 10

ob=
fl=(31) /usr/local/go/src/runtime/mpallocbits.go
fn=(103) runtime.(*pallocBits).find
+5864 244 10

ob=
fl=(31)
fn=(104) runtime.findBitRange64
+340 406 10

ob=
fl=(32) /usr/local/go/src/runtime/mspanset.go
fn=(105) runtime.(*spanSet).pop
+8908 146 10

ob=
fl=(4)
fn=(19)
+904 47 10

ob=
fl=(9)
fn=(71)
+208 344 10

ob=
fl=(33) /usr/local/go/src/runtime/mstats.go
fn=(106) runtime.(*sysMemStat).add
+204 639 10
+4 639 10

ob=
fl=(33)
fn=(107) runtime.(*consistentHeapStats).acquire
+176 758 10
+168 769 10

ob=
fl=(34) /usr/local/go/src/runtime/mwbbuf.go
fn=(108) runtime.wbBufFlush1
+792 250 10
+8 251 10
+108 248 10

ob=
fl=(8)
fn=(109) runtime.gopark
+26892 364 10

ob=
fl=(8)
fn=(52)
+6980 997 10
+168 1014 10
+144 1033 10
+12 1034 10
+8 1036 10
+12 1038 10
+324 1091 10

ob=
fl=(8)
fn=(110) runtime.startm
+9868 2425 10

ob=
fl=(9)
fn=(111) runtime/internal/atomic.(*Int32).Load
+1476 21 10

ob=
fl=(8)
fn=(112) runtime.wakep
+88 2515 10

ob=
fl=(26)
fn=(68)
+192 490 10

ob=
fl=(8)
fn=(112)
+64 2544 10

ob=
fl=(8)
fn=(113) runtime.execute
+1140 2641 10
+16 2641 10
+128 2652 10

ob=
fl=(8)
fn=(40)
+180 2681 10
+148 2708 10

ob=
fl=(9)
fn=(41)
+824 56 10

ob=
fl=(8)
fn=(40)
+232 2803 10
+272 2854 10

ob=
fl=(9)
fn=(41)
+272 56 10
+4 56 10

ob=
fl=(9)
fn=(114) runtime/internal/atomic.(*Int64).Swap
+340 98 10

ob=
fl=(8)
fn=(40)
+652 2748 10
+392 3002 10

ob=
fl=(4)
fn=(19)
+224 48 10
+12 48 10

ob=
fl=(8)
fn=(115) runtime.(*randomOrder).start
+604 6426 10
+32 6425 10

ob=
fl=(8)
fn=(32)
+32 3045 10

ob=
fl=(8)
fn=(115)
+20 6426 10

ob=
fl=(8)
fn=(29)
+56 6436 10
+8 6436 10

ob=
fl=(8)
fn=(116) runtime.(*randomEnum).done
+4 6431 10

ob=
fl=(9)
fn=(90)
+16 124 10
+8 124 10

ob=
fl=(8)
fn=(117) runtime.(*randomEnum).position
+12 6440 10

ob=
fl=(8)
fn=(32)
+76 3071 10

ob=
fl=(8)
fn=(118) runtime.pMask.read
+40 5792 10

ob=
fl=(8)
fn=(32)
+196 3046 10

ob=
fl=(8)
fn=(118)
+36 5790 10
+16 5791 10

ob=
fl=(8)
fn=(32)
+48 3096 10

ob=
fl=(8)
fn=(29)
+68 6435 10
+4 6436 10

ob=
fl=(8)
fn=(118)
+284 5791 10

ob=
fl=(8)
fn=(53)
+100 5939 10

ob=
fl=(8)
fn=(118)
+304 5791 10

ob=
fl=(35) /usr/local/go/src/runtime/time.go
fn=(119) runtime.nobarrierWakeTime
+56 760 10

ob=
fl=(4)
fn=(19)
+516 42 10

ob=
fl=(36) /usr/local/go/src/runtime/lfstack_64bit.go
fn=(120) runtime.lfstackUnpack
+8 69 10

ob=
fl=(8)
fn=(121) runtime.resetspinning
+452 3239 10

ob=
fl=(8)
fn=(122) runtime.schedule
+844 3332 10
+192 3370 10

ob=
fl=(8)
fn=(25)
+428 3429 10
+32 3431 10

ob=
fl=(8)
fn=(123) runtime.reentersyscall
+4072 3817 10

ob=
fl=(8)
fn=(124) runtime.exitsyscallfast
+1756 4014 10

ob=
fl=(8)
fn=(125) runtime.releasep
+11236 5130 10

ob=
fl=(8)
fn=(126) runtime.checkdead
+560 5185 10

ob=
fl=(8)
fn=(55)
+3232 5543 10

ob=
fl=(8)
fn=(127) runtime.pMask.set
+3908 5799 10

ob=
fl=(8)
fn=(56)
+2304 6144 10
+28 6148 10

ob=
fl=(37) /usr/local/go/src/runtime/signal_unix.go
fn=(128) runtime.preemptM
+20156 389 10

ob=
fl=(19)
fn=(129) runtime.shrinkstack
+18108 1195 10

ob=
fl=(3)
fn=(11)
+19768 24 10

ob=
fl=(38) /usr/local/go/src/runtime/traceback.go
fn=(130) runtime.gentraceback
+18048 32 10
+412 127 10

ob=
fl=(15)
fn=(131) runtime.gcBgMarkWorker.func1
+23836 1278 10

ob=
fl=(13)
fn=(132) runtime.gogo
+16152 138 10

ob=
fl=(13)
fn=(133) runtime.mcall
+76 187 10

ob=
fl=(5)
fn=(13)
+11700 30 10
+20 39 10
+36 53 10
+20 58 10
+312 170 10

ob=
fl=(10)
fn=(30)
+3676 48 10

ob=
fl=(39) /usr/local/go/src/strings/strings.go
fn=(134) strings.TrimSpace
+56832 1022 10

ob=
fl=(40) /usr/local/go/src/bufio/scan.go
fn=(135) bufio.ScanLines
+4300 350 10

ob=
fl=(21)
fn=(136) reflect.name.readVarint
+37576 505 10

ob=
fl=(21)
fn=(137) reflect.name.name
+56 532 10

ob=
fl=(21)
fn=(62)
+7360 1422 10

ob=
fl=(41) /usr/local/go/src/reflect/value.go
fn=(138) reflect.Value.FieldByName
+13876 1346 10

ob=
fl=(42) /usr/local/go/src/sync/once.go
fn=(139) sync.(*Once).Do
+82104 63 10

ob=
fl=(43) /usr/local/go/src/os/file_unix.go
fn=(140) os.(*unixDirent).Name
+45432 435 10

ob=
fl=(22)
fn=(63)
+67008 1033 10

ob=
fl=(44) /usr/local/go/src/path/filepath/path.go
fn=(141) path/filepath.(*lazybuf).append
+37132 44 10
+16 45 10

ob=
fl=(45) /usr/local/go/src/runtime/debug.go
fn=(142) runtime.GOMAXPROCS
-727169 21 0
cfl=(11)
cfn=(143) runtime.lock
calls=0 -727169 35
* * 10

ob=
fl=(11)
fn=(143)
* 35 0
cfl=(46) /usr/local/go/src/runtime/lockrank_off.go
cfn=(144) runtime.lockWithRank
calls=0 * 22
* * 10

ob=
fl=(46)
fn=(144)
* 22 0
cfl=(11)
cfn=(37)
calls=0 +15552 70
* * 10

ob=
fl=(47) /usr/local/go/src/runtime/iface.go
fn=(145) runtime.convT
+13212 331 0
cfl=(25)
cfn=(67)
calls=0 +21292 932
* * 30

ob=
fl=(11)
fn=(37)
+2140 49 0
cfl=(18)
cfn=(51)
calls=0 +151341 27
* * 10
+200 70 0
cfl=(18)
cfn=(146) runtime.osyield
calls=0 +200 352
* * 10550

ob=
fl=(18)
fn=(146)
* 352 0
cfl=(1)
cfn=(4)
calls=0 +283600 302
* * 10550

ob=
fl=(11)
fn=(37)
+20 68 0
cfl=(13)
cfn=(43)
calls=0 +353257 893
* * 30
+120 88 0
cfl=(18)
cfn=(147) runtime.semasleep
calls=0 +149224 66
* * 380

ob=
fl=(11)
fn=(33)
+360 117 0
cfl=(18)
cfn=(148) runtime.semawakeup
calls=0 +149408 76
* * 410

ob=
fl=(11)
fn=(149) runtime.notewakeup
+232 161 0
cfl=(18)
cfn=(148)
calls=0 +149048 76
* * 3450
cfl=(18)
cfn=(148)
calls=0 +149012 73
* * 40
cfl=(18)
cfn=(148)
calls=0 +149060 78
* * 20

ob=
fl=(11)
fn=(150) runtime.notesleep
+112 170 0
cfl=(18)
cfn=(51)
calls=0 +148269 27
* * 10
+136 181 0
cfl=(18)
cfn=(147)
calls=0 +148400 66
* * 12230

ob=
fl=(11)
fn=(151) runtime.notetsleep_internal
+484 232 0
cfl=(18)
cfn=(147)
calls=0 +148388 60
* * 1000

ob=
fl=(11)
fn=(152) runtime.notetsleep
+472 283 0
cfl=(11)
cfn=(151)
calls=0 * 232
* * 1000

ob=
fl=(25)
fn=(153) runtime.(*mcache).nextFree
+3208 855 0
cfl=(27)
cfn=(70)
calls=0 +38568 182
* * 80
cfl=(27)
cfn=(70)
calls=0 +38449 171
* * 10
cfl=(27)
cfn=(70)
calls=0 +38505 175
* * 10
cfl=(27)
cfn=(70)
calls=0 +38660 212
* * 10

ob=
fl=(25)
fn=(67)
+596 932 0
cfl=(25)
cfn=(154) runtime.deductAssistCredit
calls=0 +2660 1217
* * 700
+464 1017 0
cfl=(25)
cfn=(153)
calls=0 -596 855
* * 10
+376 1042 0
cfl=(25)
cfn=(153)
calls=0 -1060 855
* * 100
+156 1053 0
cfl=(27)
cfn=(155) runtime.(*mcache).allocLarge
calls=0 +34624 255
* * 100
cfl=(27)
cfn=(155)
calls=0 +34292 234
* * 50
cfl=(27)
cfn=(155)
calls=0 +34312 240
* * 10
cfl=(27)
cfn=(155)
calls=0 +34532 249
* * 10
cfl=(27)
cfn=(155)
calls=0 +34596 253
* * 10
+517 1142 0
cfl=(26)
cfn=(68)
calls=0 +517 490
* * 10
+223 1171 0
cfl=(15)
cfn=(73)
calls=0 +43680 547
* * 10
cfl=(15)
cfn=(73)
calls=0 +44015 547
* * 10

ob=
fl=(25)
fn=(154)
+328 1217 0
cfl=(6)
cfn=(79)
calls=0 +62440 474
* * 670
cfl=(6)
cfn=(79)
calls=0 +62217 449
* * 10
cfl=(6)
cfn=(79)
calls=0 +62289 454
* * 10
cfl=(6)
cfn=(79)
calls=0 +62504 483
* * 10

ob=
fl=(25)
fn=(156) runtime.newobject
+260 1254 0
cfl=(25)
cfn=(67)
calls=0 -2064 932
* * 70
cfl=(25)
cfn=(67)
calls=0 -1600 1017
* * 10

ob=
fl=(48) /usr/local/go/src/runtime/mbarrier.go
fn=(157) runtime.typedmemmove
+23212 171 0
cfl=(5)
cfn=(13)
calls=0 +347873 58
* * 10

ob=
fl=(2)
fn=(20)
+1629 333 0
cfl=(7)
cfn=(22)
calls=0 +1629 694
* * 10
+16 333 0
cfl=(7)
cfn=(22)
calls=0 +16 698
* * 80
+64 349 0
cfl=(7)
cfn=(23)
calls=0 +64 501
* * 80

ob=
fl=(2)
fn=(69)
+527 471 0
cfl=(2)
cfn=(27)
calls=0 +292 406
* * 40
cfl=(2)
cfn=(27)
calls=0 +268 403
* * 10
cfl=(2)
cfn=(27)
calls=0 +448 439
* * 10

ob=
fl=(2)
fn=(158) runtime.(*mspan).initHeapBits
+2104 730 0
cfl=(2)
cfn=(24)
calls=0 +3057 889
* * 70
cfl=(2)
cfn=(24)
calls=0 +3077 889
* * 30
cfl=(2)
cfn=(24)
calls=0 +3025 901
* * 20
cfl=(2)
cfn=(24)
calls=0 +3041 901
* * 10
cfl=(2)
cfn=(24)
calls=0 +3049 902
* * 10

ob=
fl=(27)
fn=(70)
+4825 175 0
cfl=(9)
cfn=(71)
calls=0 +4825 344
* * 10
+63 182 0
cfl=(49) /usr/local/go/src/runtime/mcentral.go
cfn=(159) runtime.(*mcentral).cacheSpan
calls=0 +2543 166
* * 80
+92 212 0
cfl=(17)
cfn=(160) runtime.(*gcControllerState).update
calls=0 +43893 853
* * 10

ob=
fl=(27)
fn=(155)
+276 234 0
cfl=(7)
cfn=(161) runtime.(*mheap).alloc
calls=0 +69156 955
* * 50
+20 240 0
cfl=(33)
cfn=(107)
calls=0 +103173 769
* * 10
+220 249 0
cfl=(17)
cfn=(160)
calls=0 +43684 867
* * 10
+64 253 0
cfl=(32)
cfn=(162) runtime.(*spanSet).push
calls=0 +100748 76
* * 10
+28 255 0
cfl=(2)
cfn=(158)
calls=0 -5560 730
* * 100

ob=
fl=(27)
fn=(163) runtime.(*mcache).releaseAll
+508 291 0
cfl=(49)
cfn=(164) runtime.(*mcentral).uncacheSpan
calls=0 +2048 228
* * 20

ob=
fl=(27)
fn=(165) runtime.(*mcache).prepareForSweep
+292 328 0
cfl=(27)
cfn=(163)
calls=0 * 291
* * 20

ob=
fl=(49)
fn=(159)
+980 166 0
cfl=(49)
cfn=(166) runtime.(*mcentral).grow
calls=0 +1404 246
* * 40
cfl=(49)
cfn=(166)
calls=0 +1456 255
* * 40

ob=
fl=(49)
fn=(164)
+268 228 0
cfl=(50) /usr/local/go/src/runtime/mgcsweep.go
cfn=(167) runtime.(*sweepLocked).sweep
calls=0 +56948 744
* * 20

ob=
fl=(49)
fn=(166)
+156 246 0
cfl=(7)
cfn=(161)
calls=0 +66500 955
* * 40
+52 255 0
cfl=(2)
cfn=(158)
calls=0 -7792 730
* * 40

ob=
fl=(15)
fn=(73)
+7808 547 0
cfl=(19)
cfn=(57)
calls=0 +220404 1072
* * 10

ob=
fl=(15)
fn=(168) runtime.gcStart.func2
+1648 730 0
cfl=(8)
cfn=(169) runtime.startTheWorldWithSema
calls=0 +130548 1337
* * 2150
cfl=(8)
cfn=(169)
calls=0 +130860 1383
* * 50
cfl=(8)
cfn=(169)
calls=0 +130700 1351
* * 10

ob=
fl=(15)
fn=(170) runtime.gcMarkDone
+652 855 0
cfl=(13)
cfn=(60)
calls=0 +291420 243
* * 10
+216 918 0
cfl=(15)
cfn=(171) runtime.gcMarkTermination
calls=0 +808 941
* * 10
+56 784 0
cfl=(19)
cfn=(57)
calls=0 +210080 1072
* * 10

ob=
fl=(15)
fn=(171)
+536 941 0
cfl=(13)
cfn=(60)
calls=0 +290496 243
* * 10

ob=
fl=(15)
fn=(172) runtime.gcMarkTermination.func1
+3244 942 0
cfl=(15)
cfn=(173) runtime.gcMark
calls=0 +5632 1520
* * 10

ob=
fl=(15)
fn=(46)
+428 1275 0
cfl=(8)
cfn=(109)
calls=0 +114225 364
* * 10
+1 1310 0
cfl=(26)
cfn=(74)
calls=0 +1 482
* * 10
+76 1311 0
cfl=(29)
cfn=(75)
calls=0 +76 285
* * 10
+11 1322 0
cfl=(51) /usr/local/go/src/runtime/time_nofake.go
cfn=(174) runtime.nanotime
calls=0 +11 19
* * 110

ob=
fl=(51)
fn=(174)
* 19 0
cfl=(1)
cfn=(10)
calls=0 +225680 337
* * 110

ob=
fl=(15)
fn=(46)
+224 1335 0
cfl=(13)
cfn=(60)
calls=0 +286200 243
* * 5620
+8 1373 0
cfl=(51)
cfn=(174)
calls=0 +8 19
* * 70

ob=
fl=(51)
fn=(174)
* 19 0
cfl=(1)
cfn=(10)
calls=0 +225448 337
* * 70

ob=
fl=(15)
fn=(46)
+44 1375 0
cfl=(17)
cfn=(175) runtime.(*gcControllerState).markWorkerStop
calls=0 +25697 839
* * 50
cfl=(17)
cfn=(175)
calls=0 +25956 836
* * 30
cfl=(17)
cfn=(175)
calls=0 +25877 844
* * 20
+32 1377 0
cfl=(16)
cfn=(78)
calls=0 +6941 483
* * 10
+328 1407 0
cfl=(15)
cfn=(170)
calls=0 -4876 855
* * 10
cfl=(15)
cfn=(170)
calls=0 -4660 918
* * 10

ob=
fl=(8)
fn=(176) runtime.casGToWaiting
+384 1099 0
cfl=(8)
cfn=(52)
calls=0 +120053 997
* * 10

ob=
fl=(15)
fn=(177) runtime.gcBgMarkWorker.func2
* 1343 0
cfl=(8)
cfn=(176)
calls=0 * 1099
* * 10
+52 1367 0
cfl=(6)
cfn=(18)
calls=0 +15628 1085
* * 5300
cfl=(6)
cfn=(18)
calls=0 +15776 1103
* * 1200
cfl=(6)
cfn=(18)
calls=0 +15888 1111
* * 90
cfl=(6)
cfn=(18)
calls=0 +15708 1090
* * 70
cfl=(6)
cfn=(18)
calls=0 +15625 1085
* * 40
cfl=(6)
cfn=(18)
calls=0 +15653 1088
* * 40
cfl=(6)
cfn=(18)
calls=0 +15724 1095
* * 40
cfl=(6)
cfn=(18)
calls=0 +16184 1131
* * 40
cfl=(6)
cfn=(18)
calls=0 +15593 1078
* * 30
cfl=(6)
cfn=(18)
calls=0 +15701 1089
* * 20
cfl=(6)
cfn=(18)
calls=0 +15825 1109
* * 20
cfl=(6)
cfn=(18)
calls=0 +15553 1078
* * 10
cfl=(6)
cfn=(18)
calls=0 +15732 1096
* * 10
cfl=(6)
cfn=(18)
calls=0 +16029 1078
* * 10
cfl=(6)
cfn=(18)
calls=0 +16137 1129
* * 10
+44 1348 0
cfl=(6)
cfn=(18)
calls=0 +15576 1085
* * 4450
cfl=(6)
cfn=(18)
calls=0 +15724 1103
* * 2280
cfl=(6)
cfn=(18)
calls=0 +16348 1069
* * 290
cfl=(6)
cfn=(18)
calls=0 +15836 1111
* * 70
cfl=(6)
cfn=(18)
calls=0 +15573 1085
* * 50
cfl=(6)
cfn=(18)
calls=0 +15656 1090
* * 40
cfl=(6)
cfn=(18)
calls=0 +15672 1095
* * 30
cfl=(6)
cfn=(18)
calls=0 +15565 1084
* * 20
cfl=(6)
cfn=(18)
calls=0 +15709 1099
* * 20
cfl=(6)
cfn=(18)
calls=0 +16085 1129
* * 20
cfl=(6)
cfn=(18)
calls=0 +16132 1131
* * 20
cfl=(6)
cfn=(18)
calls=0 +15501 1078
* * 10
cfl=(6)
cfn=(18)
calls=0 +15729 1108
* * 10
cfl=(6)
cfn=(18)
calls=0 +15741 1109
* * 10
cfl=(6)
cfn=(18)
calls=0 +15773 1109
* * 10
cfl=(6)
cfn=(18)
calls=0 +16141 1135
* * 10
+180 1363 0
cfl=(6)
cfn=(18)
calls=0 +15532 1085
* * 2550
cfl=(6)
cfn=(18)
calls=0 +15680 1103
* * 1330
cfl=(6)
cfn=(18)
calls=0 +16304 1069
* * 110
cfl=(6)
cfn=(18)
calls=0 +15612 1090
* * 100
cfl=(6)
cfn=(18)
calls=0 +15457 1078
* * 50
cfl=(6)
cfn=(18)
calls=0 +15529 1085
* * 50
cfl=(6)
cfn=(18)
calls=0 +15792 1111
* * 30
cfl=(6)
cfn=(18)
calls=0 +16041 1129
* * 30
cfl=(6)
cfn=(18)
calls=0 +15377 1062
* * 20
cfl=(6)
cfn=(18)
calls=0 +15501 1078
* * 20
cfl=(6)
cfn=(18)
calls=0 +15521 1084
* * 20
cfl=(6)
cfn=(18)
calls=0 +15577 1088
* * 10
cfl=(6)
cfn=(18)
calls=0 +15601 1088
* * 10
cfl=(6)
cfn=(18)
calls=0 +15628 1095
* * 10
cfl=(6)
cfn=(18)
calls=0 +15636 1096
* * 10
cfl=(6)
cfn=(18)
calls=0 +15685 1108
* * 10
cfl=(6)
cfn=(18)
calls=0 +16088 1131
* * 10

ob=
fl=(15)
fn=(173)
+576 1520 0
cfl=(17)
cfn=(178) runtime.(*gcControllerState).resetLive
calls=0 +24401 818
* * 10

ob=
fl=(16)
fn=(179) runtime.(*gcCPULimiterState).update
+3400 173 0
cfl=(16)
cfn=(76)
calls=0 +3900 209
* * 30
cfl=(16)
cfn=(76)
calls=0 +3773 230
* * 10

ob=
fl=(16)
fn=(76)
+500 209 0
cfl=(16)
cfn=(47)
calls=0 +1337 423
* * 20
cfl=(16)
cfn=(47)
calls=0 +1421 437
* * 10

ob=
fl=(16)
fn=(47)
+921 437 0
cfl=(9)
cfn=(77)
calls=0 +921 325
* * 10

ob=
fl=(6)
fn=(180) runtime.markroot
+2355 213 0
cfl=(6)
cfn=(181) runtime.markroot.func1
calls=0 +3195 239
* * 80
cfl=(6)
cfn=(181)
calls=0 +3155 231
* * 30
+420 176 0
cfl=(6)
cfn=(182) runtime.markrootBlock
calls=0 +1076 284
* * 320
+124 170 0
cfl=(6)
cfn=(182)
calls=0 +656 284
* * 190

ob=
fl=(6)
fn=(181)
+256 231 0
cfl=(52) /usr/local/go/src/runtime/preempt.go
cfn=(183) runtime.suspendG
calls=0 +96872 231
* * 30
+40 239 0
cfl=(6)
cfn=(184) runtime.scanstack
calls=0 +4732 804
* * 60
cfl=(6)
cfn=(184)
calls=0 +4556 775
* * 10
cfl=(6)
cfn=(184)
calls=0 +5180 907
* * 10

ob=
fl=(6)
fn=(182)
+236 284 0
cfl=(6)
cfn=(21)
calls=0 +8488 1237
* * 140
cfl=(6)
cfn=(21)
calls=0 +8413 1232
* * 90
cfl=(6)
cfn=(21)
calls=0 +8441 1233
* * 70
cfl=(6)
cfn=(21)
calls=0 +8433 1232
* * 50
cfl=(6)
cfn=(21)
calls=0 +8449 1235
* * 40
cfl=(6)
cfn=(21)
calls=0 +8365 1225
* * 30
cfl=(6)
cfn=(21)
calls=0 +8568 1238
* * 20
cfl=(6)
cfn=(21)
calls=0 +8601 1232
* * 20
cfl=(6)
cfn=(21)
calls=0 +8377 1227
* * 10
cfl=(6)
cfn=(21)
calls=0 +8425 1232
* * 10
cfl=(6)
cfn=(21)
calls=0 +8453 1236
* * 10
cfl=(6)
cfn=(21)
calls=0 +8457 1232
* * 10
cfl=(6)
cfn=(21)
calls=0 +8489 1237
* * 10

ob=
fl=(6)
fn=(79)
+1505 454 0
cfl=(9)
cfn=(28)
calls=0 +1505 109
* * 10
+151 474 0
cfl=(13)
cfn=(60)
calls=0 +274571 243
* * 670
+64 483 0
cfl=(15)
cfn=(170)
calls=0 -16076 784
* * 10

ob=
fl=(6)
fn=(185) runtime.gcAssistAlloc.func1
+268 475 0
cfl=(6)
cfn=(80)
calls=0 +608 567
* * 1790
cfl=(6)
cfn=(80)
calls=0 +1084 605
* * 40
cfl=(6)
cfn=(80)
calls=0 +1041 604
* * 10
cfl=(6)
cfn=(80)
calls=0 +1089 606
* * 10

ob=
fl=(6)
fn=(80)
+340 567 0
cfl=(6)
cfn=(83)
calls=0 +5620 1165
* * 1110
cfl=(6)
cfn=(83)
calls=0 +5892 1192
* * 440
cfl=(6)
cfn=(83)
calls=0 +5852 1184
* * 220
cfl=(6)
cfn=(83)
calls=0 +5909 1196
* * 10
cfl=(6)
cfn=(83)
calls=0 +5937 1196
* * 10
+433 604 0
cfl=(9)
cfn=(28)
calls=0 +433 109
* * 10
+43 605 0
cfl=(16)
cfn=(179)
calls=0 -7613 173
* * 40

ob=
fl=(6)
fn=(81)
+733 666 0
cfl=(8)
cfn=(82)
calls=0 +733 6224
* * 10
+55 678 0
cfl=(11)
cfn=(143)
calls=0 +55 35
* * 100

ob=
fl=(11)
fn=(143)
* 35 0
cfl=(46)
cfn=(144)
calls=0 * 22
* * 100

ob=
fl=(46)
fn=(144)
* 22 0
cfl=(11)
cfn=(37)
calls=0 -71852 70
* * 100

ob=
fl=(6)
fn=(81)
+57 671 0
cfl=(9)
cfn=(28)
calls=0 +57 109
* * 10
+4 671 0
cfl=(9)
cfn=(28)
calls=0 +4 109
* * 30
+63 693 0
cfl=(8)
cfn=(186) runtime.ready
calls=0 +105235 891
* * 90

ob=
fl=(6)
fn=(184)
+564 775 0
cfl=(19)
cfn=(129)
calls=0 +193893 1195
* * 10
+176 804 0
cfl=(38)
cfn=(130)
calls=0 +232592 251
* * 20
cfl=(38)
cfn=(130)
calls=0 +233156 332
* * 20
cfl=(38)
cfn=(130)
calls=0 +231145 32
* * 10
cfl=(38)
cfn=(130)
calls=0 +231557 127
* * 10
+448 907 0
cfl=(12)
cfn=(94)
calls=0 +32841 408
* * 10

ob=
fl=(6)
fn=(187) runtime.scanstack.func1
+716 801 0
cfl=(6)
cfn=(188) runtime.scanframeworker
calls=0 +932 972
* * 10
cfl=(6)
cfn=(188)
calls=0 +984 977
* * 10

ob=
fl=(6)
fn=(188)
+216 972 0
cfl=(6)
cfn=(21)
calls=0 +2632 1237
* * 10
+52 977 0
cfl=(6)
cfn=(21)
calls=0 +2496 1238
* * 10

ob=
fl=(6)
fn=(18)
+636 1085 0
cfl=(12)
cfn=(92)
calls=0 +30532 304
* * 11610
cfl=(12)
cfn=(92)
calls=0 +30436 297
* * 670
cfl=(12)
cfn=(92)
calls=0 +30369 288
* * 10
cfl=(12)
cfn=(92)
calls=0 +30417 296
* * 10
+25 1088 0
cfl=(12)
cfn=(34)
calls=0 +25 235
* * 40
+20 1088 0
cfl=(12)
cfn=(34)
calls=0 +20 240
* * 10
+35 1090 0
cfl=(12)
cfn=(91)
calls=0 +29219 216
* * 170
cfl=(12)
cfn=(91)
calls=0 +29235 220
* * 20
cfl=(12)
cfn=(91)
calls=0 +29167 207
* * 10
cfl=(12)
cfn=(91)
calls=0 +29292 226
* * 10
+16 1095 0
cfl=(34)
cfn=(189) runtime.wbBufFlush
calls=0 +69724 200
* * 80
+8 1096 0
cfl=(12)
cfn=(91)
calls=0 +29077 204
* * 10
cfl=(12)
cfn=(91)
calls=0 +29205 218
* * 10
+44 1103 0
cfl=(6)
cfn=(14)
calls=0 +2140 1336
* * 2480
cfl=(6)
cfn=(14)
calls=0 +2112 1335
* * 440
cfl=(6)
cfn=(14)
calls=0 +1997 1308
* * 380
cfl=(6)
cfn=(14)
calls=0 +1981 1317
* * 220
cfl=(6)
cfn=(14)
calls=0 +1964 1304
* * 210
cfl=(6)
cfn=(14)
calls=0 +1989 1308
* * 210
cfl=(6)
cfn=(14)
calls=0 +2057 1321
* * 210
cfl=(6)
cfn=(14)
calls=0 +2065 1325
* * 150
cfl=(6)
cfn=(14)
calls=0 +2032 1309
* * 70
cfl=(6)
cfn=(14)
calls=0 +1969 1306
* * 50
cfl=(6)
cfn=(14)
calls=0 +2049 1321
* * 50
cfl=(6)
cfn=(14)
calls=0 +1897 1269
* * 40
cfl=(6)
cfn=(14)
calls=0 +1905 1273
* * 40
cfl=(6)
cfn=(14)
calls=0 +2021 1308
* * 40
cfl=(6)
cfn=(14)
calls=0 +2093 1308
* * 40
cfl=(6)
cfn=(14)
calls=0 +2113 1335
* * 40
cfl=(6)
cfn=(14)
calls=0 +1849 1268
* * 30
cfl=(6)
cfn=(14)
calls=0 +2117 1336
* * 30
cfl=(6)
cfn=(14)
calls=0 +2033 1309
* * 20
cfl=(6)
cfn=(14)
calls=0 +1865 1268
* * 10
cfl=(6)
cfn=(14)
calls=0 +1873 1268
* * 10
cfl=(6)
cfn=(14)
calls=0 +1985 1308
* * 10
cfl=(6)
cfn=(14)
calls=0 +2061 1325
* * 10
cfl=(6)
cfn=(14)
calls=0 +2129 1336
* * 10
cfl=(6)
cfn=(14)
calls=0 +2209 1342
* * 10
+49 1109 0
cfl=(9)
cfn=(28)
calls=0 +49 109
* * 30
+63 1111 0
cfl=(6)
cfn=(81)
calls=0 -3005 693
* * 90
cfl=(6)
cfn=(81)
calls=0 -3129 678
* * 60
cfl=(6)
cfn=(81)
calls=0 -3068 671
* * 20
cfl=(6)
cfn=(81)
calls=0 -3204 665
* * 10
cfl=(6)
cfn=(81)
calls=0 -3072 671
* * 10
+249 1129 0
cfl=(9)
cfn=(28)
calls=0 +249 109
* * 60
+47 1131 0
cfl=(6)
cfn=(81)
calls=0 -3441 678
* * 40
cfl=(6)
cfn=(81)
calls=0 -3496 666
* * 10
cfl=(6)
cfn=(81)
calls=0 -3412 671
* * 10
cfl=(6)
cfn=(81)
calls=0 -3380 671
* * 10
+216 1069 0
cfl=(6)
cfn=(180)
calls=0 -7612 170
* * 190
cfl=(6)
cfn=(180)
calls=0 -8156 213
* * 110
cfl=(6)
cfn=(180)
calls=0 -7736 176
* * 100

ob=
fl=(6)
fn=(83)
+312 1165 0
cfl=(12)
cfn=(92)
calls=0 +29124 304
* * 1070
cfl=(12)
cfn=(92)
calls=0 +29028 297
* * 40
+232 1184 0
cfl=(6)
cfn=(180)
calls=0 -8264 176
* * 220
+40 1192 0
cfl=(6)
cfn=(14)
calls=0 +928 1336
* * 150
cfl=(6)
cfn=(14)
calls=0 +785 1308
* * 60
cfl=(6)
cfn=(14)
calls=0 +769 1317
* * 50
cfl=(6)
cfn=(14)
calls=0 +777 1308
* * 50
cfl=(6)
cfn=(14)
calls=0 +845 1321
* * 30
cfl=(6)
cfn=(14)
calls=0 +900 1335
* * 30
cfl=(6)
cfn=(14)
calls=0 +752 1304
* * 20
cfl=(6)
cfn=(14)
calls=0 +820 1309
* * 20
cfl=(6)
cfn=(14)
calls=0 +849 1325
* * 10
cfl=(6)
cfn=(14)
calls=0 +853 1325
* * 10
cfl=(6)
cfn=(14)
calls=0 +881 1308
* * 10
+45 1196 0
cfl=(9)
cfn=(28)
calls=0 +45 109
* * 10

ob=
fl=(6)
fn=(21)
+327 1237 0
cfl=(2)
cfn=(20)
calls=0 -42948 343
* * 60
cfl=(2)
cfn=(20)
calls=0 -43312 332
* * 40
cfl=(2)
cfn=(20)
calls=0 -43036 337
* * 20
cfl=(2)
cfn=(20)
calls=0 -43264 333
* * 10
cfl=(2)
cfn=(20)
calls=0 -43232 333
* * 10
cfl=(2)
cfn=(20)
calls=0 -43048 364
* * 10
+80 1238 0
cfl=(6)
cfn=(16)
calls=0 +1701 1487
* * 10
cfl=(6)
cfn=(16)
calls=0 +1761 1488
* * 10
cfl=(6)
cfn=(16)
calls=0 +1821 1481
* * 10

ob=
fl=(6)
fn=(14)
+145 1268 0
cfl=(7)
cfn=(38)
calls=0 +145 713
* * 30
+16 1268 0
cfl=(7)
cfn=(38)
calls=0 +16 713
* * 10
+8 1268 0
cfl=(7)
cfn=(38)
calls=0 +8 713
* * 10
+91 1304 0
cfl=(2)
cfn=(27)
calls=0 -43388 426
* * 60
cfl=(2)
cfn=(27)
calls=0 -43340 439
* * 50
cfl=(2)
cfn=(27)
calls=0 -43332 439
* * 40
cfl=(2)
cfn=(27)
calls=0 -43484 406
* * 20
cfl=(2)
cfn=(27)
calls=0 -43436 416
* * 20
cfl=(2)
cfn=(27)
calls=0 -43488 406
* * 10
cfl=(2)
cfn=(27)
calls=0 -43464 406
* * 10
cfl=(2)
cfn=(27)
calls=0 -43460 416
* * 10
cfl=(2)
cfn=(27)
calls=0 -43452 416
* * 10
+21 1308 0
cfl=(2)
cfn=(9)
calls=0 +21 491
* * 10
+4 1308 0
cfl=(2)
cfn=(9)
calls=0 +4 491
* * 260
+8 1308 0
cfl=(2)
cfn=(9)
calls=0 +8 497
* * 440
+35 1309 0
cfl=(2)
cfn=(69)
calls=0 -43373 471
* * 60
cfl=(2)
cfn=(69)
calls=0 -43372 452
* * 10
cfl=(2)
cfn=(69)
calls=0 -43368 464
* * 10
cfl=(2)
cfn=(69)
calls=0 -43336 455
* * 10
+80 1335 0
cfl=(2)
cfn=(20)
calls=0 -44047 332
* * 80
cfl=(2)
cfn=(20)
calls=0 -43967 333
* * 80
cfl=(2)
cfn=(20)
calls=0 -43935 349
* * 70
cfl=(2)
cfn=(20)
calls=0 -43783 364
* * 60
cfl=(2)
cfn=(20)
calls=0 -43999 333
* * 50
cfl=(2)
cfn=(20)
calls=0 -43947 349
* * 40
cfl=(2)
cfn=(20)
calls=0 -44051 332
* * 30
cfl=(2)
cfn=(20)
calls=0 -43923 349
* * 20
cfl=(2)
cfn=(20)
calls=0 -44015 333
* * 10
cfl=(2)
cfn=(20)
calls=0 -43971 333
* * 10
cfl=(2)
cfn=(20)
calls=0 -43787 364
* * 10
cfl=(2)
cfn=(20)
calls=0 -43779 364
* * 10
+28 1336 0
cfl=(6)
cfn=(16)
calls=0 +1436 1506
* * 1200
cfl=(6)
cfn=(16)
calls=0 +1141 1483
* * 220
cfl=(6)
cfn=(16)
calls=0 +997 1463
* * 180
cfl=(6)
cfn=(16)
calls=0 +1333 1481
* * 180
cfl=(6)
cfn=(16)
calls=0 +1117 1483
* * 160
cfl=(6)
cfn=(16)
calls=0 +989 1458
* * 90
cfl=(6)
cfn=(16)
calls=0 +973 1458
* * 70
cfl=(6)
cfn=(16)
calls=0 +957 1458
* * 60
cfl=(6)
cfn=(16)
calls=0 +1025 1465
* * 50
cfl=(6)
cfn=(16)
calls=0 +1101 1480
* * 50
cfl=(6)
cfn=(16)
calls=0 +1029 1465
* * 40
cfl=(6)
cfn=(16)
calls=0 +1045 1471
* * 40
cfl=(6)
cfn=(16)
calls=0 +1261 1488
* * 40
cfl=(6)
cfn=(16)
calls=0 +1129 1483
* * 30
cfl=(6)
cfn=(16)
calls=0 +1385 1505
* * 30
cfl=(6)
cfn=(16)
calls=0 +969 1458
* * 20
cfl=(6)
cfn=(16)
calls=0 +1137 1483
* * 20
cfl=(6)
cfn=(16)
calls=0 +1173 1486
* * 20
cfl=(6)
cfn=(16)
calls=0 +1189 1486
* * 20
cfl=(6)
cfn=(16)
calls=0 +1297 1493
* * 20
cfl=(6)
cfn=(16)
calls=0 +1397 1505
* * 20
cfl=(6)
cfn=(16)
calls=0 +1037 1471
* * 10
cfl=(6)
cfn=(16)
calls=0 +1105 1480
* * 10
cfl=(6)
cfn=(16)
calls=0 +1177 1486
* * 10
cfl=(6)
cfn=(16)
calls=0 +1193 1486
* * 10
cfl=(6)
cfn=(16)
calls=0 +1233 1487
* * 10
cfl=(6)
cfn=(16)
calls=0 +1273 1488
* * 10
cfl=(6)
cfn=(16)
calls=0 +1301 1493
* * 10

ob=
fl=(7)
fn=(190) runtime.(*gcBits).bitp
+969 2064 0
cfl=(7)
cfn=(17)
calls=0 +969 2058
* * 180

ob=
fl=(2)
fn=(191) runtime.(*mspan).markBitsForIndex
* 229 0
cfl=(7)
cfn=(190)
calls=0 * 2064
* * 180

ob=
fl=(6)
fn=(16)
* 1463 0
cfl=(2)
cfn=(191)
calls=0 * 229
* * 180
+104 1480 0
cfl=(2)
cfn=(31)
calls=0 +104 239
* * 50
+4 1480 0
cfl=(2)
cfn=(31)
calls=0 +4 239
* * 10
+24 1483 0
cfl=(2)
cfn=(15)
calls=0 +24 247
* * 30
+8 1483 0
cfl=(2)
cfn=(15)
calls=0 +8 247
* * 20
+4 1483 0
cfl=(2)
cfn=(15)
calls=0 +4 247
* * 220
+32 1486 0
cfl=(7)
cfn=(48)
calls=0 +32 739
* * 20
+4 1486 0
cfl=(7)
cfn=(48)
calls=0 +4 739
* * 10
+12 1486 0
cfl=(7)
cfn=(23)
calls=0 +12 501
* * 20
+4 1486 0
cfl=(7)
cfn=(48)
calls=0 +4 738
* * 10
+192 1505 0
cfl=(12)
cfn=(39)
calls=0 +192 154
* * 30
+12 1505 0
cfl=(12)
cfn=(39)
calls=0 +12 158
* * 20
+39 1506 0
cfl=(12)
cfn=(192) runtime.(*gcWork).put
calls=0 +25027 144
* * 1020
cfl=(12)
cfn=(192)
calls=0 +24895 130
* * 160
cfl=(12)
cfn=(192)
calls=0 +24879 128
* * 20

ob=
fl=(17)
fn=(193) runtime.(*gcControllerState).heapGoal
+2880 889 0
cfl=(17)
cfn=(88)
calls=0 +6325 939
* * 10

ob=
fl=(17)
fn=(194) runtime.(*gcControllerState).revise
* 504 0
cfl=(17)
cfn=(193)
calls=0 * 889
* * 10

ob=
fl=(17)
fn=(49)
+1329 696 0
cfl=(9)
cfn=(35)
calls=0 +1329 74
* * 40
+279 717 0
cfl=(8)
cfn=(55)
calls=0 +138767 5554
* * 13580
cfl=(8)
cfn=(55)
calls=0 +138788 5540
* * 20
cfl=(8)
cfn=(55)
calls=0 +138720 5543
* * 10

ob=
fl=(17)
fn=(84)
+148 735 0
cfl=(51)
cfn=(174)
calls=0 +148 19
* * 140

ob=
fl=(51)
fn=(174)
* 19 0
cfl=(1)
cfn=(10)
calls=0 +200744 337
* * 140

ob=
fl=(17)
fn=(84)
+77 741 0
cfl=(15)
cfn=(50)
calls=0 +77 1416
* * 10
+56 741 0
cfl=(15)
cfn=(50)
calls=0 +56 1422
* * 20
+140 750 0
cfl=(4)
cfn=(19)
calls=0 +140 48
* * 40
+36 750 0
cfl=(4)
cfn=(19)
calls=0 +36 48
* * 10
+60 779 0
cfl=(17)
cfn=(85)
calls=0 +60 768
* * 30

ob=
fl=(17)
fn=(85)
* 768 0
cfl=(9)
cfn=(35)
calls=0 * 74
* * 30

ob=
fl=(17)
fn=(84)
+12 779 0
cfl=(17)
cfn=(85)
calls=0 +12 773
* * 10
+4 779 0
cfl=(17)
cfn=(85)
calls=0 +4 773
* * 10

ob=
fl=(17)
fn=(85)
* 773 0
cfl=(9)
cfn=(86)
calls=0 * 90
* * 10

ob=
fl=(17)
fn=(84)
+183 785 0
cfl=(4)
cfn=(12)
calls=0 -84328 32
* * 10
cfl=(4)
cfn=(12)
calls=0 -84296 34
* * 10
+52 804 0
cfl=(8)
cfn=(52)
calls=0 +95840 1081
* * 20

ob=
fl=(17)
fn=(178)
+141 818 0
cfl=(9)
cfn=(87)
calls=0 +141 316
* * 10

ob=
fl=(17)
fn=(175)
+232 839 0
cfl=(9)
cfn=(28)
calls=0 +232 109
* * 50
+180 844 0
cfl=(9)
cfn=(28)
calls=0 +180 109
* * 20
+79 836 0
cfl=(19)
cfn=(57)
calls=0 +178996 1000
* * 20
cfl=(19)
cfn=(57)
calls=0 +179147 1029
* * 10

ob=
fl=(17)
fn=(160)
+73 853 0
cfl=(9)
cfn=(71)
calls=0 +73 344
* * 10
+179 867 0
cfl=(17)
cfn=(194)
calls=0 -3081 504
* * 10

ob=
fl=(17)
fn=(89)
+1445 1342 0
cfl=(9)
cfn=(77)
calls=0 +1445 325
* * 10

ob=
fl=(53) /usr/local/go/src/runtime/mgcscavenge.go
fn=(195) runtime.(*scavengerState).run
+2835 577 0
cfl=(53)
cfn=(196) runtime.(*scavengerState).init.func2
calls=0 +241571 368
* * 10
cfl=(53)
cfn=(196)
calls=0 +241599 369
* * 10

ob=
fl=(53)
fn=(197) runtime.bgscavenge
+332 631 0
cfl=(53)
cfn=(195)
calls=0 * 577
* * 20

ob=
fl=(53)
fn=(198) runtime.(*pageAlloc).scavenge
+292 657 0
cfl=(13)
cfn=(60)
calls=0 +255148 243
* * 10

ob=
fl=(53)
fn=(199) runtime.(*pageAlloc).scavenge.func1
+152 658 0
cfl=(53)
cfn=(200) runtime.(*pageAlloc).scavengeOne
calls=0 +1192 754
* * 780
cfl=(53)
cfn=(200)
calls=0 +1380 770
* * 40
cfl=(53)
cfn=(200)
calls=0 +744 728
* * 20
cfl=(53)
cfn=(200)
calls=0 +1040 742
* * 10

ob=
fl=(53)
fn=(200)
+592 728 0
cfl=(11)
cfn=(143)
calls=0 +592 35
* * 20

ob=
fl=(11)
fn=(143)
* 35 0
cfl=(46)
cfn=(144)
calls=0 * 22
* * 20

ob=
fl=(46)
fn=(144)
* 22 0
cfl=(11)
cfn=(37)
calls=0 -90224 70
* * 20

ob=
fl=(53)
fn=(200)
+296 742 0
cfl=(30)
cfn=(201) runtime.(*pageAlloc).allocRange
calls=0 +32384 528
* * 10
+152 754 0
cfl=(54) /usr/local/go/src/runtime/mem.go
cfn=(202) runtime.sysUnused
calls=0 +152 62
* * 780

ob=
fl=(54)
fn=(202)
* 62 0
cfl=(55) /usr/local/go/src/runtime/mem_darwin.go
cfn=(203) runtime.sysUnusedOS
calls=0 * 26
* * 780

ob=
fl=(55)
fn=(203)
* 26 0
cfl=(1)
cfn=(5)
calls=0 +192640 253
* * 780

ob=
fl=(53)
fn=(200)
+188 770 0
cfl=(11)
cfn=(143)
calls=0 +188 35
* * 40

ob=
fl=(11)
fn=(143)
* 35 0
cfl=(46)
cfn=(144)
calls=0 * 22
* * 40

ob=
fl=(46)
fn=(144)
* 22 0
cfl=(11)
cfn=(37)
calls=0 -90860 70
* * 40

ob=
fl=(50)
fn=(204) runtime.(*mheap).nextSpanForSweep
+4172 106 0
cfl=(32)
cfn=(105)
calls=0 +51521 146
* * 10

ob=
fl=(50)
fn=(205) runtime.bgsweep
+1460 299 0
cfl=(50)
cfn=(206) runtime.sweepone
calls=0 +2208 391
* * 40
cfl=(50)
cfn=(206)
calls=0 +2104 373
* * 10
+128 306 0
cfl=(12)
cfn=(207) runtime.freeSomeWbufs
calls=0 +10064 475
* * 10

ob=
fl=(50)
fn=(206)
+516 373 0
cfl=(50)
cfn=(204)
calls=0 -1588 106
* * 10
+104 391 0
cfl=(50)
cfn=(167)
calls=0 +2796 744
* * 20
cfl=(50)
cfn=(167)
calls=0 +1069 508
* * 10
cfl=(50)
cfn=(167)
calls=0 +2776 751
* * 10

ob=
fl=(7)
fn=(208) runtime.(*mSpanStateBox).get
+965 395 0
cfl=(9)
cfn=(90)
calls=0 +965 124
* * 10

ob=
fl=(50)
fn=(167)
* 508 0
cfl=(7)
cfn=(208)
calls=0 * 395
* * 10
+1707 751 0
cfl=(32)
cfn=(162)
calls=0 +43951 125
* * 10
+20 744 0
cfl=(7)
cfn=(209) runtime.(*mheap).freeSpan
calls=0 +14108 1539
* * 220
+88 777 0
cfl=(7)
cfn=(209)
calls=0 +14088 1539
* * 30

ob=
fl=(12)
fn=(210) runtime.(*gcWork).init
+3124 104 0
cfl=(12)
cfn=(93)
calls=0 +5108 377
* * 10

ob=
fl=(12)
fn=(192)
+132 128 0
cfl=(12)
cfn=(95)
calls=0 +2560 420
* * 20
+16 130 0
cfl=(12)
cfn=(93)
calls=0 +1852 377
* * 150
cfl=(12)
cfn=(93)
calls=0 +2141 356
* * 10
+132 144 0
cfl=(17)
cfn=(49)
calls=0 -20368 717
* * 1000
cfl=(17)
cfn=(49)
calls=0 -20655 696
* * 10
cfl=(17)
cfn=(49)
calls=0 -20635 700
* * 10

ob=
fl=(12)
fn=(91)
+572 207 0
cfl=(12)
cfn=(210)
calls=0 -280 104
* * 10
+52 216 0
cfl=(12)
cfn=(211) runtime.trygetfull
calls=0 +1833 428
* * 140
cfl=(12)
cfn=(211)
calls=0 +1829 428
* * 20
cfl=(12)
cfn=(211)
calls=0 +1877 428
* * 10
+16 220 0
cfl=(12)
cfn=(94)
calls=0 +1560 410
* * 20

ob=
fl=(12)
fn=(92)
+520 297 0
cfl=(12)
cfn=(96)
calls=0 +1908 439
* * 450
cfl=(12)
cfn=(96)
calls=0 +1988 446
* * 240
cfl=(12)
cfn=(96)
calls=0 +1980 443
* * 10
cfl=(12)
cfn=(96)
calls=0 +1993 447
* * 10
+96 304 0
cfl=(17)
cfn=(49)
calls=0 -21660 717
* * 12610
cfl=(17)
cfn=(49)
calls=0 -21939 696
* * 40
cfl=(17)
cfn=(49)
calls=0 -21843 697
* * 20
cfl=(17)
cfn=(49)
calls=0 -21927 700
* * 10

ob=
fl=(12)
fn=(93)
+448 377 0
cfl=(12)
cfn=(212) runtime.getempty.func1
calls=0 +832 378
* * 420
+144 393 0
cfl=(4)
cfn=(66)
calls=0 -105691 61
* * 10
+49 355 0
cfl=(4)
cfn=(19)
calls=0 +49 42
* * 10
+44 355 0
cfl=(4)
cfn=(19)
calls=0 +44 48
* * 20
+4 355 0
cfl=(4)
cfn=(19)
calls=0 +4 48
* * 130
+36 355 0
cfl=(4)
cfn=(19)
calls=0 +36 48
* * 20

ob=
fl=(12)
fn=(212)
+107 378 0
cfl=(7)
cfn=(213) runtime.(*mheap).allocManual
calls=0 +4591 987
* * 420

ob=
fl=(12)
fn=(94)
+96 410 0
cfl=(4)
cfn=(12)
calls=0 -106351 34
* * 20

ob=
fl=(12)
fn=(95)
+96 420 0
cfl=(4)
cfn=(12)
calls=0 -106447 34
* * 240
cfl=(4)
cfn=(12)
calls=0 -106547 24
* * 10

ob=
fl=(12)
fn=(211)
+121 428 0
cfl=(4)
cfn=(19)
calls=0 +121 48
* * 20
+4 428 0
cfl=(4)
cfn=(19)
calls=0 +4 48
* * 140
+44 428 0
cfl=(4)
cfn=(19)
calls=0 +44 48
* * 10

ob=
fl=(12)
fn=(96)
+99 439 0
cfl=(12)
cfn=(93)
calls=0 -745 377
* * 260
cfl=(12)
cfn=(93)
calls=0 -504 355
* * 130
cfl=(12)
cfn=(93)
calls=0 -508 355
* * 20
cfl=(12)
cfn=(93)
calls=0 -468 355
* * 20
cfl=(12)
cfn=(93)
calls=0 -601 393
* * 10
cfl=(12)
cfn=(93)
calls=0 -552 355
* * 10
+72 443 0
cfl=(5)
cfn=(13)
calls=0 +249909 39
* * 10
+8 446 0
cfl=(12)
cfn=(95)
calls=0 -340 420
* * 230
cfl=(12)
cfn=(95)
calls=0 -359 420
* * 10

ob=
fl=(12)
fn=(207)
+504 475 0
cfl=(13)
cfn=(60)
calls=0 +238284 243
* * 10

ob=
fl=(12)
fn=(214) runtime.freeSomeWbufs.func1
+180 483 0
cfl=(7)
cfn=(215) runtime.(*mheap).freeManual
calls=0 +7704 1575
* * 70
cfl=(7)
cfn=(215)
calls=0 +7720 1576
* * 10

ob=
fl=(7)
fn=(216) runtime.(*mheap).reclaim
+1644 827 0
cfl=(11)
cfn=(143)
calls=0 +1644 35
* * 60

ob=
fl=(11)
fn=(143)
* 35 0
cfl=(46)
cfn=(144)
calls=0 * 22
* * 60

ob=
fl=(46)
fn=(144)
* 22 0
cfl=(11)
cfn=(37)
calls=0 -108380 70
* * 50
cfl=(11)
cfn=(37)
calls=0 -108240 88
* * 10

ob=
fl=(7)
fn=(216)
+36 832 0
cfl=(7)
cfn=(217) runtime.(*mheap).reclaimChunk
calls=0 +1016 898
* * 210
cfl=(7)
cfn=(217)
calls=0 +1004 897
* * 70

ob=
fl=(7)
fn=(217)
+968 897 0
cfl=(11)
cfn=(218) runtime.unlock
calls=0 +968 96
* * 70

ob=
fl=(11)
fn=(218)
* 96 0
cfl=(46)
cfn=(219) runtime.unlockWithRank
calls=0 * 32
* * 70

ob=
fl=(46)
fn=(219)
* 32 0
cfl=(11)
cfn=(33)
calls=0 -108884 117
* * 70

ob=
fl=(7)
fn=(217)
+12 898 0
cfl=(50)
cfn=(167)
calls=0 -9452 744
* * 180
cfl=(50)
cfn=(167)
calls=0 -9364 777
* * 30

ob=
fl=(7)
fn=(161)
+356 955 0
cfl=(13)
cfn=(60)
calls=0 +234940 243
* * 90

ob=
fl=(7)
fn=(220) runtime.(*mheap).alloc.func1
+148 959 0
cfl=(7)
cfn=(216)
calls=0 -1336 832
* * 280
cfl=(7)
cfn=(216)
calls=0 -1372 827
* * 60
+20 961 0
cfl=(7)
cfn=(98)
calls=0 +2012 1340
* * 5150
cfl=(7)
cfn=(98)
calls=0 +1272 1207
* * 450
cfl=(7)
cfn=(98)
calls=0 +1312 1240
* * 40
cfl=(7)
cfn=(98)
calls=0 +1448 1259
* * 30
cfl=(7)
cfn=(98)
calls=0 +1900 1333
* * 30
cfl=(7)
cfn=(98)
calls=0 +1072 1188
* * 10
cfl=(7)
cfn=(98)
calls=0 +1424 1257
* * 10
cfl=(7)
cfn=(98)
calls=0 +1921 1340
* * 10

ob=
fl=(7)
fn=(213)
+76 987 0
cfl=(7)
cfn=(98)
calls=0 +1992 1340
* * 320
cfl=(7)
cfn=(98)
calls=0 +1252 1207
* * 100

ob=
fl=(7)
fn=(221) runtime.(*mheap).allocMSpanLocked
+816 1116 0
cfl=(28)
cfn=(72)
calls=0 -60127 77
* * 10

ob=
fl=(7)
fn=(98)
+160 1188 0
cfl=(11)
cfn=(143)
calls=0 +160 35
* * 10

ob=
fl=(11)
fn=(143)
* 35 0
cfl=(46)
cfn=(144)
calls=0 * 22
* * 10

ob=
fl=(46)
fn=(144)
* 22 0
cfl=(11)
cfn=(37)
calls=0 -110972 70
* * 10

ob=
fl=(7)
fn=(98)
+200 1207 0
cfl=(11)
cfn=(143)
calls=0 +200 35
* * 550

ob=
fl=(11)
fn=(143)
* 35 0
cfl=(46)
cfn=(144)
calls=0 * 22
* * 550

ob=
fl=(46)
fn=(144)
* 22 0
cfl=(11)
cfn=(37)
calls=0 -111172 70
* * 550

ob=
fl=(7)
fn=(98)
+40 1240 0
cfl=(30)
cfn=(222) runtime.(*pageAlloc).alloc
calls=0 +14836 828
* * 30
cfl=(30)
cfn=(222)
calls=0 +14800 815
* * 10
+112 1257 0
cfl=(7)
cfn=(221)
calls=0 -400 1116
* * 10
+24 1259 0
cfl=(11)
cfn=(218)
calls=0 +24 96
* * 30

ob=
fl=(11)
fn=(218)
* 96 0
cfl=(46)
cfn=(219)
calls=0 * 32
* * 30

ob=
fl=(46)
fn=(219)
* 32 0
cfl=(11)
cfn=(33)
calls=0 -110848 117
* * 30

ob=
fl=(7)
fn=(98)
+452 1333 0
cfl=(7)
cfn=(223) runtime.(*mheap).initSpan
calls=0 +1152 1373
* * 10
cfl=(7)
cfn=(223)
calls=0 +1168 1374
* * 10
cfl=(7)
cfn=(223)
calls=0 +1392 1401
* * 10
+112 1340 0
cfl=(54)
cfn=(224) runtime.sysUsed
calls=0 +112 77
* * 5470

ob=
fl=(54)
fn=(224)
* 77 0
cfl=(55)
cfn=(225) runtime.sysUsedOS
calls=0 * 33
* * 5470

ob=
fl=(55)
fn=(225)
* 33 0
cfl=(1)
cfn=(5)
calls=0 +171400 253
* * 5470

ob=
fl=(7)
fn=(223)
+588 1373 0
cfl=(7)
cfn=(99)
calls=0 +3613 1663
* * 10
+16 1374 0
cfl=(7)
cfn=(97)
calls=0 -2111 1019
* * 10
+224 1401 0
cfl=(7)
cfn=(226) runtime.newMarkBits
calls=0 +6741 2146
* * 10

ob=
fl=(7)
fn=(209)
+1280 1539 0
cfl=(7)
cfn=(227) runtime.(*mheap).freeSpan.func1
calls=0 +1392 1542
* * 200
cfl=(7)
cfn=(227)
calls=0 +1424 1556
* * 20
cfl=(13)
cfn=(60)
calls=0 +231596 243
* * 20
cfl=(7)
cfn=(227)
calls=0 +1408 1555
* * 10

ob=
fl=(7)
fn=(227)
+112 1542 0
cfl=(11)
cfn=(143)
calls=0 +112 35
* * 810

ob=
fl=(11)
fn=(143)
* 35 0
cfl=(46)
cfn=(144)
calls=0 * 22
* * 810

ob=
fl=(46)
fn=(144)
* 22 0
cfl=(11)
cfn=(37)
calls=0 -114132 70
* * 770
cfl=(11)
cfn=(37)
calls=0 -113992 88
* * 30
cfl=(11)
cfn=(37)
calls=0 -114411 46
* * 10

ob=
fl=(7)
fn=(227)
+16 1555 0
cfl=(7)
cfn=(228) runtime.(*mheap).freeSpanLocked
calls=0 +588 1611
* * 10
cfl=(7)
cfn=(228)
calls=0 +600 1614
* * 10
+16 1556 0
cfl=(11)
cfn=(218)
calls=0 +16 96
* * 50

ob=
fl=(11)
fn=(218)
* 96 0
cfl=(46)
cfn=(219)
calls=0 * 32
* * 50

ob=
fl=(46)
fn=(219)
* 32 0
cfl=(11)
cfn=(33)
calls=0 -113664 117
* * 50

ob=
fl=(7)
fn=(215)
+96 1575 0
cfl=(11)
cfn=(143)
calls=0 +96 35
* * 70

ob=
fl=(11)
fn=(143)
* 35 0
cfl=(46)
cfn=(144)
calls=0 * 22
* * 70

ob=
fl=(46)
fn=(144)
* 22 0
cfl=(11)
cfn=(37)
calls=0 -114260 70
* * 70

ob=
fl=(7)
fn=(215)
+16 1576 0
cfl=(7)
cfn=(228)
calls=0 +428 1609
* * 10

ob=
fl=(7)
fn=(228)
+412 1609 0
cfl=(33)
cfn=(106)
calls=0 +29421 639
* * 10
+32 1611 0
cfl=(33)
cfn=(106)
calls=0 +29013 639
* * 10
+12 1614 0
cfl=(33)
cfn=(107)
calls=0 +29157 758
* * 10

ob=
fl=(7)
fn=(226)
+4525 2146 0
cfl=(7)
cfn=(100)
calls=0 +4525 2094
* * 10

ob=
fl=(30)
fn=(229) runtime.(*pageAlloc).update
+2519 483 0
cfl=(30)
cfn=(102)
calls=0 +8012 968
* * 10

ob=
fl=(30)
fn=(201)
+832 528 0
cfl=(30)
cfn=(229)
calls=0 * 483
* * 10

ob=
fl=(30)
fn=(101)
+1024 767 0
cfl=(31)
cfn=(103)
calls=0 +10524 244
* * 10

ob=
fl=(30)
fn=(222)
+2340 815 0
cfl=(31)
cfn=(103)
calls=0 +9501 244
* * 10
+36 828 0
cfl=(30)
cfn=(101)
calls=0 -2543 666
* * 10
cfl=(30)
cfn=(101)
calls=0 -2340 767
* * 10
cfl=(30)
cfn=(101)
calls=0 -1923 689
* * 10

ob=
fl=(31)
fn=(103)
+7124 244 0
cfl=(31)
cfn=(230) runtime.(*pallocBits).findSmallN
calls=0 +7465 295
* * 10

ob=
fl=(31)
fn=(230)
+341 295 0
cfl=(31)
cfn=(104)
calls=0 +341 406
* * 10

ob=
fl=(32)
fn=(162)
+8387 76 0
cfl=(32)
cfn=(231) runtime.(*atomicHeadTailIndex).incTail
calls=0 +10020 377
* * 10
+296 125 0
cfl=(32)
cfn=(232) runtime.(*spanSetBlockAlloc).alloc
calls=0 +1425 313
* * 10

ob=
fl=(32)
fn=(232)
+1129 313 0
cfl=(4)
cfn=(19)
calls=0 +1129 47
* * 10

ob=
fl=(32)
fn=(231)
+208 377 0
cfl=(9)
cfn=(71)
calls=0 +208 344
* * 10

ob=
fl=(34)
fn=(189)
+1095 200 0
cfl=(34)
cfn=(233) runtime.wbBufFlush.func1
calls=0 +183779 201
* * 80

ob=
fl=(34)
fn=(108)
+284 260 0
cfl=(2)
cfn=(20)
calls=0 -111667 333
* * 20
cfl=(2)
cfn=(20)
calls=0 -111635 333
* * 10
cfl=(2)
cfn=(20)
calls=0 -111603 349
* * 10
cfl=(2)
cfn=(20)
calls=0 -111447 364
* * 10

ob=
fl=(56) /usr/local/go/src/runtime/netpoll_kqueue.go
fn=(234) runtime.netpoll
+3408 130 0
cfl=(1)
cfn=(7)
calls=0 +139692 458
* * 2610

ob=
fl=(18)
fn=(147)
+964 66 0
cfl=(1)
cfn=(3)
calls=0 +136588 507
* * 12610
+124 60 0
cfl=(1)
cfn=(8)
calls=0 +135688 517
* * 1000

ob=
fl=(18)
fn=(148)
+144 73 0
cfl=(1)
cfn=(42)
calls=0 +135308 479
* * 40
+36 76 0
cfl=(1)
cfn=(6)
calls=0 +135484 528
* * 3860
+12 78 0
cfl=(1)
cfn=(59)
calls=0 +135192 488
* * 20

ob=
fl=(52)
fn=(183)
+15040 231 0
cfl=(37)
cfn=(128)
calls=0 +98200 385
* * 30

ob=
fl=(8)
fn=(235) runtime.main
+6388 250 0
cfl=(57) /Users/gianluca/Truora/email-indexer/file-reading/file-reading.go
cfn=(236) main.main
calls=0 +621816 254
* * 28950

ob=
fl=(8)
fn=(186)
+6160 891 0
cfl=(8)
cfn=(112)
calls=0 +20192 2542
* * 90

ob=
fl=(8)
fn=(52)
+2180 1052 0
cfl=(51)
cfn=(174)
calls=0 +2180 19
* * 20

ob=
fl=(51)
fn=(174)
* 19 0
cfl=(1)
cfn=(10)
calls=0 +104488 337
* * 20

ob=
fl=(8)
fn=(52)
+132 1088 0
cfl=(24)
cfn=(65)
calls=0 -184903 105
* * 10
+20 1081 0
cfl=(51)
cfn=(174)
calls=0 +20 19
* * 30

ob=
fl=(51)
fn=(174)
* 19 0
cfl=(1)
cfn=(10)
calls=0 +104336 337
* * 30

ob=
fl=(8)
fn=(237) runtime.stopTheWorldWithSema
+1520 1265 0
cfl=(8)
cfn=(238) runtime.preemptall
calls=0 +41764 5516
* * 100
+368 1284 0
cfl=(8)
cfn=(239) runtime.pidleget
calls=0 +44273 5896
* * 10
+40 1292 0
cfl=(11)
cfn=(218)
calls=0 +40 96
* * 10

ob=
fl=(11)
fn=(218)
* 96 0
cfl=(46)
cfn=(219)
calls=0 * 32
* * 10

ob=
fl=(46)
fn=(219)
* 32 0
cfl=(11)
cfn=(33)
calls=0 -180908 117
* * 10

ob=
fl=(8)
fn=(237)
+40 1298 0
cfl=(11)
cfn=(152)
calls=0 -179472 283
* * 200

ob=
fl=(8)
fn=(169)
+368 1337 0
cfl=(56)
cfn=(234)
calls=0 -33168 130
* * 2540
+152 1351 0
cfl=(11)
cfn=(149)
calls=0 -181084 161
* * 20
+160 1383 0
cfl=(8)
cfn=(112)
calls=0 +9212 2542
* * 220

ob=
fl=(8)
fn=(240) runtime.forEachP
+1524 1663 0
cfl=(11)
cfn=(143)
calls=0 +1524 35
* * 320

ob=
fl=(11)
fn=(143)
* 35 0
cfl=(46)
cfn=(144)
calls=0 * 22
* * 320

ob=
fl=(46)
fn=(144)
* 22 0
cfl=(11)
cfn=(37)
calls=0 -183652 70
* * 310
cfl=(11)
cfn=(37)
calls=0 -183512 88
* * 10

ob=
fl=(8)
fn=(240)
+196 1676 0
cfl=(8)
cfn=(238)
calls=0 +37592 5516
* * 670
+208 1692 0
cfl=(11)
cfn=(218)
calls=0 +208 96
* * 110

ob=
fl=(11)
fn=(218)
* 96 0
cfl=(46)
cfn=(219)
calls=0 * 32
* * 110

ob=
fl=(46)
fn=(219)
* 32 0
cfl=(11)
cfn=(33)
calls=0 -183556 117
* * 110

ob=
fl=(8)
fn=(240)
+284 1707 0
cfl=(8)
cfn=(241) runtime.handoffp
calls=0 +5968 2457
* * 40
+80 1718 0
cfl=(11)
cfn=(152)
calls=0 -182404 283
* * 800
+112 1734 0
cfl=(11)
cfn=(143)
calls=0 +112 35
* * 10

ob=
fl=(11)
fn=(143)
* 35 0
cfl=(46)
cfn=(144)
calls=0 * 22
* * 10

ob=
fl=(46)
fn=(144)
* 22 0
cfl=(11)
cfn=(37)
calls=0 -184532 70
* * 10

ob=
fl=(11)
fn=(143)
+372 35 0
cfl=(46)
cfn=(144)
calls=0 +372 22
* * 160

ob=
fl=(46)
fn=(144)
* 22 0
cfl=(11)
cfn=(37)
calls=0 -184904 70
* * 120
cfl=(11)
cfn=(37)
calls=0 -184764 88
* * 40

ob=
fl=(8)
fn=(242) runtime.runSafePointFn
* 1760 0
cfl=(11)
cfn=(143)
calls=0 * 35
* * 160
+40 1763 0
cfl=(11)
cfn=(149)
calls=0 -184172 161
* * 440
+20 1765 0
cfl=(11)
cfn=(218)
calls=0 +20 96
* * 30

ob=
fl=(11)
fn=(218)
* 96 0
cfl=(46)
cfn=(219)
calls=0 * 32
* * 30

ob=
fl=(46)
fn=(219)
* 32 0
cfl=(11)
cfn=(33)
calls=0 -184464 117
* * 30

ob=
fl=(11)
fn=(143)
+3868 35 0
cfl=(46)
cfn=(144)
calls=0 +3868 22
* * 1510

ob=
fl=(46)
fn=(144)
* 22 0
cfl=(11)
cfn=(37)
calls=0 -188832 70
* * 1450
cfl=(11)
cfn=(37)
calls=0 -188692 88
* * 40
cfl=(11)
cfn=(37)
calls=0 -189051 46
* * 10
cfl=(11)
cfn=(37)
calls=0 -189032 49
* * 10

ob=
fl=(8)
fn=(243) runtime.stopm
* 2332 0
cfl=(11)
cfn=(143)
calls=0 * 35
* * 1510
+12 2333 0
cfl=(8)
cfn=(244) runtime.mput
calls=0 +35084 5697
* * 10
+20 2334 0
cfl=(11)
cfn=(218)
calls=0 +20 96
* * 10

ob=
fl=(11)
fn=(218)
* 96 0
cfl=(46)
cfn=(219)
calls=0 * 32
* * 10

ob=
fl=(46)
fn=(219)
* 32 0
cfl=(11)
cfn=(33)
calls=0 -188364 117
* * 10

ob=
fl=(8)
fn=(245) runtime.mPark
+24 1531 0
cfl=(11)
cfn=(150)
calls=0 -187884 181
* * 12230
cfl=(11)
cfn=(150)
calls=0 -188020 170
* * 10

ob=
fl=(8)
fn=(243)
* 2335 0
cfl=(8)
cfn=(245)
calls=0 * 1531
* * 12240
+28 2336 0
cfl=(8)
cfn=(246) runtime.acquirep
calls=0 +28392 5097
* * 20

ob=
fl=(8)
fn=(110)
+564 2431 0
cfl=(11)
cfn=(149)
calls=0 -188184 161
* * 3020

ob=
fl=(8)
fn=(241)
+544 2457 0
cfl=(8)
cfn=(110)
calls=0 * 2431
* * 40

ob=
fl=(8)
fn=(112)
+813 2514 0
cfl=(9)
cfn=(111)
calls=0 +813 21
* * 10

ob=
fl=(11)
fn=(143)
+147 35 0
cfl=(46)
cfn=(144)
calls=0 +147 22
* * 150

ob=
fl=(46)
fn=(144)
* 22 0
cfl=(11)
cfn=(37)
calls=0 -190984 70
* * 150

ob=
fl=(8)
fn=(112)
* 2526 0
cfl=(11)
cfn=(143)
calls=0 * 35
* * 150
+8 2527 0
cfl=(8)
cfn=(247) runtime.pidlegetSpinning
calls=0 +34664 5918
* * 10
+125 2533 0
cfl=(26)
cfn=(68)
calls=0 +125 490
* * 10
+63 2542 0
cfl=(8)
cfn=(110)
calls=0 -1637 2431
* * 2980
cfl=(8)
cfn=(110)
calls=0 -1756 2425
* * 10

ob=
fl=(8)
fn=(248) runtime.gcstopm
+956 2614 0
cfl=(11)
cfn=(149)
calls=0 -190448 161
* * 30
+24 2617 0
cfl=(8)
cfn=(243)
calls=0 -3248 2335
* * 50
cfl=(8)
cfn=(243)
calls=0 -3220 2336
* * 10

ob=
fl=(8)
fn=(113)
+236 2643 0
cfl=(8)
cfn=(52)
calls=0 -12832 1052
* * 20
cfl=(8)
cfn=(52)
calls=0 -13167 1014
* * 10
cfl=(8)
cfn=(52)
calls=0 -12700 1088
* * 10

ob=
fl=(8)
fn=(40)
+276 2683 0
cfl=(8)
cfn=(248)
calls=0 -236 2617
* * 60
cfl=(8)
cfn=(248)
calls=0 -260 2614
* * 30
+28 2687 0
cfl=(8)
cfn=(242)
calls=0 -7728 1763
* * 440
cfl=(8)
cfn=(242)
calls=0 -7768 1760
* * 160
cfl=(8)
cfn=(242)
calls=0 -7708 1765
* * 30
+12 2694 0
cfl=(8)
cfn=(25)
calls=0 +7852 3441
* * 50
cfl=(8)
cfn=(25)
calls=0 +8033 3437
* * 20
cfl=(8)
cfn=(25)
calls=0 +7777 3429
* * 10
+100 2708 0
cfl=(17)
cfn=(84)
calls=0 -109640 735
* * 140
cfl=(17)
cfn=(84)
calls=0 -109367 750
* * 40
cfl=(17)
cfn=(84)
calls=0 -109271 779
* * 30
cfl=(17)
cfn=(84)
calls=0 -109507 741
* * 20
cfl=(17)
cfn=(84)
calls=0 -109072 785
* * 20
cfl=(17)
cfn=(84)
calls=0 -109020 804
* * 20
cfl=(17)
cfn=(84)
calls=0 -109659 725
* * 10
cfl=(17)
cfn=(84)
calls=0 -109563 741
* * 10
cfl=(17)
cfn=(84)
calls=0 -109459 741
* * 10
cfl=(17)
cfn=(84)
calls=0 -109443 746
* * 10
cfl=(17)
cfn=(84)
calls=0 -109331 750
* * 10
cfl=(17)
cfn=(84)
calls=0 -109259 779
* * 10
cfl=(17)
cfn=(84)
calls=0 -109255 779
* * 10
cfl=(17)
cfn=(84)
calls=0 -109039 803
* * 10
+496 2744 0
cfl=(11)
cfn=(143)
calls=0 +496 35
* * 70

ob=
fl=(11)
fn=(143)
* 35 0
cfl=(46)
cfn=(144)
calls=0 * 22
* * 70

ob=
fl=(46)
fn=(144)
* 22 0
cfl=(11)
cfn=(37)
calls=0 -193308 70
* * 60
cfl=(11)
cfn=(37)
calls=0 -193168 88
* * 10

ob=
fl=(8)
fn=(249) runtime.(*m).becomeSpinning
+309 862 0
cfl=(9)
cfn=(41)
calls=0 +309 56
* * 10

ob=
fl=(8)
fn=(40)
* 2778 0
cfl=(8)
cfn=(249)
calls=0 * 862
* * 10
+63 2781 0
cfl=(8)
cfn=(32)
calls=0 +3599 3095
* * 140
cfl=(8)
cfn=(32)
calls=0 +3379 3072
* * 100
cfl=(8)
cfn=(32)
calls=0 +3664 3048
* * 60
cfl=(8)
cfn=(32)
calls=0 +3572 3096
* * 50
cfl=(8)
cfn=(32)
calls=0 +2920 3045
* * 40
cfl=(8)
cfn=(32)
calls=0 +3212 3053
* * 30
cfl=(8)
cfn=(32)
calls=0 +3688 3048
* * 30
cfl=(8)
cfn=(32)
calls=0 +3224 3053
* * 20
cfl=(8)
cfn=(32)
calls=0 +3236 3054
* * 20
cfl=(8)
cfn=(32)
calls=0 +3260 3046
* * 20
cfl=(8)
cfn=(32)
calls=0 +3348 3071
* * 20
cfl=(8)
cfn=(32)
calls=0 +3508 3094
* * 20
cfl=(8)
cfn=(32)
calls=0 +3516 3094
* * 20
cfl=(8)
cfn=(32)
calls=0 +3004 3048
* * 10
cfl=(8)
cfn=(32)
calls=0 +3036 3048
* * 10
cfl=(8)
cfn=(32)
calls=0 +3068 3045
* * 10
cfl=(8)
cfn=(32)
calls=0 +3088 3048
* * 10
cfl=(8)
cfn=(32)
calls=0 +3144 3048
* * 10
cfl=(8)
cfn=(32)
calls=0 +3152 3048
* * 10
cfl=(8)
cfn=(32)
calls=0 +3156 3048
* * 10
cfl=(8)
cfn=(32)
calls=0 +3172 3049
* * 10
cfl=(8)
cfn=(32)
calls=0 +3180 3049
* * 10
cfl=(8)
cfn=(32)
calls=0 +3192 3053
* * 10
cfl=(8)
cfn=(32)
calls=0 +3268 3071
* * 10
cfl=(8)
cfn=(32)
calls=0 +3308 3071
* * 10
cfl=(8)
cfn=(32)
calls=0 +3504 3046
* * 10
cfl=(8)
cfn=(32)
calls=0 +3540 3094
* * 10
cfl=(8)
cfn=(32)
calls=0 +3556 3094
* * 10
cfl=(8)
cfn=(32)
calls=0 +3604 3096
* * 10
cfl=(8)
cfn=(32)
calls=0 +3672 3048
* * 10
cfl=(8)
cfn=(32)
calls=0 +3676 3048
* * 10
+204 2803 0
cfl=(17)
cfn=(89)
calls=0 -107715 1331
* * 10
cfl=(17)
cfn=(89)
calls=0 -107659 1342
* * 10
+160 2844 0
cfl=(11)
cfn=(143)
calls=0 +160 35
* * 6270

ob=
fl=(11)
fn=(143)
* 35 0
cfl=(46)
cfn=(144)
calls=0 * 22
* * 6270

ob=
fl=(46)
fn=(144)
* 22 0
cfl=(11)
cfn=(37)
calls=0 -194044 70
* * 6020
cfl=(11)
cfn=(37)
calls=0 -193904 88
* * 210
cfl=(11)
cfn=(37)
calls=0 -194259 38
* * 20
cfl=(11)
cfn=(37)
calls=0 -194024 68
* * 20

ob=
fl=(8)
fn=(40)
+52 2846 0
cfl=(11)
cfn=(218)
calls=0 +52 96
* * 20

ob=
fl=(11)
fn=(218)
* 96 0
cfl=(46)
cfn=(219)
calls=0 * 32
* * 20

ob=
fl=(46)
fn=(219)
* 32 0
cfl=(11)
cfn=(33)
calls=0 -193596 117
* * 20

ob=
fl=(8)
fn=(40)
+204 2860 0
cfl=(8)
cfn=(125)
calls=0 +23477 5130
* * 10
+24 2863 0
cfl=(8)
cfn=(250) runtime.pidleput
calls=0 +30420 5869
* * 10
+20 2864 0
cfl=(11)
cfn=(218)
calls=0 +20 96
* * 100

ob=
fl=(11)
fn=(218)
* 96 0
cfl=(46)
cfn=(219)
calls=0 * 32
* * 100

ob=
fl=(46)
fn=(219)
* 32 0
cfl=(11)
cfn=(33)
calls=0 -193844 117
* * 50
cfl=(11)
cfn=(33)
calls=0 -194039 103
* * 40
cfl=(11)
cfn=(33)
calls=0 -194011 108
* * 10

ob=
fl=(8)
fn=(40)
+49 2905 0
cfl=(9)
cfn=(41)
calls=0 +49 56
* * 10
+4 2905 0
cfl=(9)
cfn=(41)
calls=0 +4 56
* * 10
+67 2919 0
cfl=(8)
cfn=(251) runtime.checkRunqsNoP
calls=0 +3208 3115
* * 20
cfl=(8)
cfn=(251)
calls=0 +3180 3115
* * 10
cfl=(8)
cfn=(251)
calls=0 +3280 3115
* * 10
+124 2927 0
cfl=(8)
cfn=(252) runtime.checkIdleGCNoP
calls=0 +3892 3183
* * 30
cfl=(8)
cfn=(252)
calls=0 +4089 3197
* * 10
cfl=(8)
cfn=(252)
calls=0 +4097 3197
* * 10
+36 2947 0
cfl=(8)
cfn=(253) runtime.checkTimersNoP
calls=0 +3393 3137
* * 10
cfl=(8)
cfn=(253)
calls=0 +3449 3138
* * 10
+113 2951 0
cfl=(9)
cfn=(114)
calls=0 +113 98
* * 10
+163 2972 0
cfl=(56)
cfn=(234)
calls=0 -46457 130
* * 70
+936 3008 0
cfl=(8)
cfn=(243)
calls=0 -6012 2335
* * 12190
cfl=(8)
cfn=(243)
calls=0 -6068 2332
* * 1510
cfl=(8)
cfn=(243)
calls=0 -6056 2333
* * 10
cfl=(8)
cfn=(243)
calls=0 -6036 2334
* * 10
cfl=(8)
cfn=(243)
calls=0 -5984 2336
* * 10
+40 2851 0
cfl=(11)
cfn=(218)
calls=0 +40 96
* * 10

ob=
fl=(11)
fn=(218)
* 96 0
cfl=(46)
cfn=(219)
calls=0 * 32
* * 10

ob=
fl=(46)
fn=(219)
* 32 0
cfl=(11)
cfn=(33)
calls=0 -195376 117
* * 10

ob=
fl=(8)
fn=(40)
+97 2804 0
cfl=(4)
cfn=(19)
calls=0 +97 42
* * 30
+32 2804 0
cfl=(4)
cfn=(19)
calls=0 +32 48
* * 10
+12 2804 0
cfl=(4)
cfn=(19)
calls=0 +12 48
* * 10
+107 2808 0
cfl=(8)
cfn=(52)
calls=0 -16537 1081
* * 10

ob=
fl=(8)
fn=(32)
+497 3048 0
cfl=(8)
cfn=(115)
calls=0 +497 6426
* * 10
+32 3048 0
cfl=(8)
cfn=(115)
calls=0 +32 6425
* * 10
+52 3048 0
cfl=(8)
cfn=(115)
calls=0 +52 6426
* * 10
+56 3048 0
cfl=(8)
cfn=(29)
calls=0 +56 6436
* * 10
+8 3048 0
cfl=(8)
cfn=(29)
calls=0 +8 6436
* * 10
+4 3048 0
cfl=(8)
cfn=(116)
calls=0 +4 6431
* * 10
+16 3049 0
cfl=(9)
cfn=(254) runtime/internal/atomic.(*Bool).Load
calls=0 +16 168
* * 10

ob=
fl=(9)
fn=(254)
* 168 0
cfl=(9)
cfn=(90)
calls=0 * 124
* * 10

ob=
fl=(8)
fn=(32)
+8 3049 0
cfl=(9)
cfn=(254)
calls=0 +8 168
* * 10

ob=
fl=(9)
fn=(254)
* 168 0
cfl=(9)
cfn=(90)
calls=0 * 124
* * 10

ob=
fl=(8)
fn=(32)
+12 3053 0
cfl=(8)
cfn=(117)
calls=0 +12 6440
* * 10
+116 3071 0
cfl=(8)
cfn=(118)
calls=0 +116 5792
* * 10
+71 3072 0
cfl=(8)
cfn=(25)
calls=0 +3588 3431
* * 70
cfl=(8)
cfn=(25)
calls=0 +3604 3435
* * 20
cfl=(8)
cfn=(25)
calls=0 +3584 3431
* * 10
+161 3094 0
cfl=(8)
cfn=(118)
calls=0 +161 5790
* * 10
+16 3094 0
cfl=(8)
cfn=(118)
calls=0 +16 5791
* * 10
+43 3095 0
cfl=(8)
cfn=(36)
calls=0 +30911 6198
* * 100
cfl=(8)
cfn=(36)
calls=0 +31024 6200
* * 40
+65 3048 0
cfl=(8)
cfn=(29)
calls=0 +65 6435
* * 60
+8 3048 0
cfl=(8)
cfn=(29)
calls=0 +8 6435
* * 10
+4 3048 0
cfl=(8)
cfn=(29)
calls=0 +4 6436
* * 10
+12 3048 0
cfl=(8)
cfn=(29)
calls=0 +12 6436
* * 30

ob=
fl=(8)
fn=(251)
+272 3115 0
cfl=(8)
cfn=(118)
calls=0 +272 5791
* * 10
+28 3115 0
cfl=(8)
cfn=(53)
calls=0 +28 5937
* * 20
+72 3115 0
cfl=(8)
cfn=(53)
calls=0 +72 5939
* * 10

ob=
fl=(8)
fn=(253)
+304 3137 0
cfl=(8)
cfn=(118)
calls=0 +304 5791
* * 10
+56 3138 0
cfl=(35)
cfn=(119)
calls=0 +56 760
* * 10

ob=
fl=(8)
fn=(252)
+319 3183 0
cfl=(11)
cfn=(143)
calls=0 +319 35
* * 30

ob=
fl=(11)
fn=(143)
* 35 0
cfl=(46)
cfn=(144)
calls=0 * 22
* * 30

ob=
fl=(46)
fn=(144)
* 22 0
cfl=(11)
cfn=(37)
calls=0 -198356 70
* * 30

ob=
fl=(8)
fn=(252)
+197 3197 0
cfl=(4)
cfn=(19)
calls=0 +197 42
* * 10

ob=
fl=(4)
fn=(19)
+8 46 0
cfl=(36)
cfn=(120)
calls=0 +8 69
* * 10

ob=
fl=(8)
fn=(252)
* 3197 0
cfl=(4)
cfn=(19)
calls=0 * 46
* * 10

ob=
fl=(8)
fn=(121)
+412 3238 0
cfl=(9)
cfn=(41)
calls=0 +412 56
* * 30
+4 3238 0
cfl=(9)
cfn=(41)
calls=0 +4 56
* * 20
+43 3245 0
cfl=(8)
cfn=(112)
calls=0 -7797 2542
* * 2080
cfl=(8)
cfn=(112)
calls=0 -7993 2526
* * 90
cfl=(8)
cfn=(112)
calls=0 -8052 2515
* * 10
cfl=(8)
cfn=(112)
calls=0 -7860 2533
* * 10
cfl=(8)
cfn=(112)
calls=0 -7796 2544
* * 10

ob=
fl=(8)
fn=(122)
+976 3361 0
cfl=(8)
cfn=(40)
calls=0 -3184 3008
* * 13730
cfl=(8)
cfn=(40)
calls=0 -4976 2844
* * 6270
cfl=(8)
cfn=(40)
calls=0 -5340 2781
* * 750
cfl=(8)
cfn=(40)
calls=0 -6320 2687
* * 630
cfl=(8)
cfn=(40)
calls=0 -6208 2708
* * 350
cfl=(8)
cfn=(40)
calls=0 -4676 2864
* * 100
cfl=(8)
cfn=(40)
calls=0 -6348 2683
* * 90
cfl=(8)
cfn=(40)
calls=0 -6308 2694
* * 80
cfl=(8)
cfn=(40)
calls=0 -5712 2744
* * 70
cfl=(8)
cfn=(40)
calls=0 -4120 2972
* * 70
cfl=(8)
cfn=(40)
calls=0 -4432 2927
* * 50
cfl=(8)
cfn=(40)
calls=0 -4556 2919
* * 40
cfl=(8)
cfn=(40)
calls=0 -5739 2743
* * 30
cfl=(8)
cfn=(40)
calls=0 -3047 2804
* * 30
cfl=(8)
cfn=(40)
calls=0 -5136 2803
* * 20
cfl=(8)
cfn=(40)
calls=0 -4924 2846
* * 20
cfl=(8)
cfn=(40)
calls=0 -4396 2947
* * 20
cfl=(8)
cfn=(40)
calls=0 -6375 2681
* * 10
cfl=(8)
cfn=(40)
calls=0 -6227 2708
* * 10
cfl=(8)
cfn=(40)
calls=0 -5403 2778
* * 10
cfl=(8)
cfn=(40)
calls=0 -5171 2803
* * 10
cfl=(8)
cfn=(40)
calls=0 -4899 2854
* * 10
cfl=(8)
cfn=(40)
calls=0 -4720 2860
* * 10
cfl=(8)
cfn=(40)
calls=0 -4696 2863
* * 10
cfl=(8)
cfn=(40)
calls=0 -4627 2905
* * 10
cfl=(8)
cfn=(40)
calls=0 -4623 2905
* * 10
cfl=(8)
cfn=(40)
calls=0 -4283 2951
* * 10
cfl=(8)
cfn=(40)
calls=0 -3631 2748
* * 10
cfl=(8)
cfn=(40)
calls=0 -3239 3002
* * 10
cfl=(8)
cfn=(40)
calls=0 -3144 2851
* * 10
cfl=(8)
cfn=(40)
calls=0 -3015 2804
* * 10
cfl=(8)
cfn=(40)
calls=0 -3003 2804
* * 10
cfl=(8)
cfn=(40)
calls=0 -2896 2808
* * 10
+28 3367 0
cfl=(8)
cfn=(121)
calls=0 -976 3245
* * 2200
cfl=(8)
cfn=(121)
calls=0 -1023 3238
* * 30
cfl=(8)
cfn=(121)
calls=0 -1019 3238
* * 20
cfl=(8)
cfn=(121)
calls=0 -983 3239
* * 10
+312 3390 0
cfl=(8)
cfn=(112)
calls=0 -8844 2542
* * 600
cfl=(8)
cfn=(112)
calls=0 -9040 2526
* * 60
cfl=(8)
cfn=(112)
calls=0 -9187 2514
* * 10
cfl=(8)
cfn=(112)
calls=0 -9032 2527
* * 10
+24 3399 0
cfl=(8)
cfn=(113)
calls=0 -7940 2643
* * 40
cfl=(8)
cfn=(113)
calls=0 -8015 2641
* * 10
cfl=(8)
cfn=(113)
calls=0 -7999 2641
* * 10
cfl=(8)
cfn=(113)
calls=0 -7871 2652
* * 10

ob=
fl=(8)
fn=(25)
+192 3441 0
cfl=(51)
cfn=(174)
calls=0 +192 19
* * 50

ob=
fl=(51)
fn=(174)
* 19 0
cfl=(1)
cfn=(10)
calls=0 +83264 337
* * 50

ob=
fl=(8)
fn=(54)
+556 3497 0
cfl=(8)
cfn=(52)
calls=0 -21047 1039
* * 20
cfl=(8)
cfn=(52)
calls=0 -21415 1033
* * 10
cfl=(8)
cfn=(52)
calls=0 -21395 1036
* * 10
cfl=(8)
cfn=(52)
calls=0 -21383 1038
* * 10
cfl=(8)
cfn=(52)
calls=0 -21059 1091
* * 10
+68 3501 0
cfl=(15)
cfn=(131)
calls=0 +126884 1298
* * 80
cfl=(15)
cfn=(131)
calls=0 +126825 1278
* * 10
+48 3502 0
cfl=(13)
cfn=(44)
calls=0 +152545 1224
* * 10
+12 3503 0
cfl=(13)
cfn=(44)
calls=0 +152489 1221
* * 30
cfl=(13)
cfn=(44)
calls=0 +152497 1224
* * 10
+64 3512 0
cfl=(8)
cfn=(122)
calls=0 -1240 3361
* * 21810
cfl=(8)
cfn=(122)
calls=0 -1212 3367
* * 2160
cfl=(8)
cfn=(122)
calls=0 -900 3390
* * 470
cfl=(8)
cfn=(122)
calls=0 -876 3399
* * 40
cfl=(8)
cfn=(122)
calls=0 -1379 3332
* * 10
cfl=(8)
cfn=(122)
calls=0 -1187 3370
* * 10

ob=
fl=(8)
fn=(255) runtime.goschedImpl
+100 3521 0
cfl=(8)
cfn=(52)
calls=0 -22151 1034
* * 10
+60 3523 0
cfl=(11)
cfn=(143)
calls=0 +60 35
* * 850

ob=
fl=(11)
fn=(143)
* 35 0
cfl=(46)
cfn=(144)
calls=0 * 22
* * 850

ob=
fl=(46)
fn=(144)
* 22 0
cfl=(11)
cfn=(37)
calls=0 -201460 70
* * 760
cfl=(11)
cfn=(37)
calls=0 -201320 88
* * 30
cfl=(11)
cfn=(37)
calls=0 -201587 59
* * 20
cfl=(11)
cfn=(37)
calls=0 -201759 46
* * 10
cfl=(11)
cfn=(37)
calls=0 -201675 38
* * 10
cfl=(11)
cfn=(37)
calls=0 -201615 47
* * 10
cfl=(11)
cfn=(37)
calls=0 -201440 68
* * 10

ob=
fl=(8)
fn=(255)
+112 3525 0
cfl=(11)
cfn=(218)
calls=0 +112 96
* * 40

ob=
fl=(11)
fn=(218)
* 96 0
cfl=(46)
cfn=(219)
calls=0 * 32
* * 40

ob=
fl=(46)
fn=(219)
* 32 0
cfl=(11)
cfn=(33)
calls=0 -201072 117
* * 20
cfl=(11)
cfn=(33)
calls=0 -201071 122
* * 10
cfl=(11)
cfn=(33)
calls=0 -201047 123
* * 10

ob=
fl=(8)
fn=(255)
+4 3527 0
cfl=(8)
cfn=(122)
calls=0 -1576 3361
* * 660
cfl=(8)
cfn=(122)
calls=0 -1236 3390
* * 210
cfl=(8)
cfn=(122)
calls=0 -1548 3367
* * 100
cfl=(8)
cfn=(122)
calls=0 -1212 3399
* * 30

ob=
fl=(8)
fn=(256) runtime.gosched_m
+340 3535 0
cfl=(8)
cfn=(255)
calls=0 * 3527
* * 30
cfl=(8)
cfn=(255)
calls=0 -116 3523
* * 10

ob=
fl=(8)
fn=(257) runtime.gopreempt_m
+324 3555 0
cfl=(8)
cfn=(255)
calls=0 -340 3527
* * 970
cfl=(8)
cfn=(255)
calls=0 -456 3523
* * 840
cfl=(8)
cfn=(255)
calls=0 -344 3525
* * 40
cfl=(8)
cfn=(255)
calls=0 -516 3521
* * 10

ob=
fl=(8)
fn=(258) runtime.entersyscall_gcwait
+2764 3843 0
cfl=(11)
cfn=(143)
calls=0 +2764 35
* * 10

ob=
fl=(11)
fn=(143)
* 35 0
cfl=(46)
cfn=(144)
calls=0 * 22
* * 10

ob=
fl=(46)
fn=(144)
* 22 0
cfl=(11)
cfn=(37)
calls=0 -205004 70
* * 10

ob=
fl=(8)
fn=(259) runtime.exitsyscallfast.func1
+1612 4025 0
cfl=(8)
cfn=(260) runtime.exitsyscallfast_pidle
calls=0 +1984 4068
* * 10

ob=
fl=(8)
fn=(260)
+372 4068 0
cfl=(11)
cfn=(143)
calls=0 +372 35
* * 10

ob=
fl=(11)
fn=(143)
* 35 0
cfl=(46)
cfn=(144)
calls=0 * 22
* * 10

ob=
fl=(46)
fn=(144)
* 22 0
cfl=(11)
cfn=(37)
calls=0 -206988 70
* * 10

ob=
fl=(8)
fn=(261) runtime.exitsyscall0
+572 4124 0
cfl=(8)
cfn=(122)
calls=0 -6992 3361
* * 40

ob=
fl=(8)
fn=(246)
+9720 5097 0
cfl=(27)
cfn=(165)
calls=0 -165556 328
* * 20

ob=
fl=(8)
fn=(238)
+3964 5516 0
cfl=(8)
cfn=(55)
calls=0 +4132 5554
* * 770

ob=
fl=(8)
fn=(55)
+168 5554 0
cfl=(37)
cfn=(128)
calls=0 +26516 385
* * 14340
cfl=(37)
cfn=(128)
calls=0 +26517 389
* * 10

ob=
fl=(8)
fn=(244)
+2504 5697 0
cfl=(8)
cfn=(126)
calls=0 -3279 5185
* * 10

ob=
fl=(11)
fn=(218)
+628 96 0
cfl=(46)
cfn=(219)
calls=0 +628 32
* * 10

ob=
fl=(46)
fn=(219)
* 32 0
cfl=(11)
cfn=(33)
calls=0 -224019 123
* * 10

ob=
fl=(8)
fn=(262) runtime.updateTimerPMask
* 5846 0
cfl=(11)
cfn=(218)
calls=0 * 96
* * 10

ob=
fl=(8)
fn=(250)
+176 5869 0
cfl=(8)
cfn=(262)
calls=0 * 5846
* * 10

ob=
fl=(51)
fn=(174)
+428 19 0
cfl=(1)
cfn=(10)
calls=0 +59096 337
* * 10

ob=
fl=(8)
fn=(239)
* 5894 0
cfl=(51)
cfn=(174)
calls=0 * 19
* * 10
+125 5896 0
cfl=(8)
cfn=(127)
calls=0 +125 5799
* * 10

ob=
fl=(8)
fn=(247)
+375 5918 0
cfl=(8)
cfn=(239)
calls=0 -125 5894
* * 10

ob=
fl=(8)
fn=(56)
+1996 6163 0
cfl=(1)
cfn=(4)
calls=0 +57952 302
* * 20

ob=
fl=(8)
fn=(36)
+440 6198 0
cfl=(8)
cfn=(56)
calls=0 -119 6141
* * 20
cfl=(8)
cfn=(56)
calls=0 -59 6145
* * 20
cfl=(8)
cfn=(56)
calls=0 * 6163
* * 20
cfl=(8)
cfn=(56)
calls=0 +249 6178
* * 20
cfl=(8)
cfn=(56)
calls=0 -67 6144
* * 10
cfl=(8)
cfn=(56)
calls=0 -39 6148
* * 10

ob=
fl=(37)
fn=(128)
+19676 385 0
cfl=(18)
cfn=(263) runtime.signalM
calls=0 +19676 465
* * 14370

ob=
fl=(18)
fn=(263)
* 465 0
cfl=(1)
cfn=(2)
calls=0 +35296 177
* * 14370

ob=
fl=(58) /usr/local/go/src/runtime/slice.go
fn=(264) runtime.makeslice
+7780 103 0
cfl=(25)
cfn=(67)
calls=0 -241180 1042
* * 20
cfl=(25)
cfn=(67)
calls=0 -241971 942
* * 10

ob=
fl=(19)
fn=(57)
+7852 1029 0
cfl=(13)
cfn=(132)
calls=0 +88545 138
* * 10
+472 1072 0
cfl=(8)
cfn=(257)
calls=0 -61152 3555
* * 1850

ob=
fl=(59) /usr/local/go/src/runtime/string.go
fn=(265) runtime.concatstrings
+5632 51 0
cfl=(59)
cfn=(266) runtime.rawstringtmp
calls=0 +7084 131
* * 660
+152 53 0
cfl=(5)
cfn=(13)
calls=0 +86777 176
* * 290
cfl=(5)
cfn=(13)
calls=0 +86785 178
* * 80
cfl=(5)
cfn=(13)
calls=0 +86769 174
* * 50
cfl=(5)
cfn=(13)
calls=0 +86773 175
* * 50
cfl=(5)
cfn=(13)
calls=0 +86749 169
* * 20
cfl=(5)
cfn=(13)
calls=0 +86765 173
* * 20
cfl=(5)
cfn=(13)
calls=0 +86421 53
* * 10
cfl=(5)
cfn=(13)
calls=0 +86753 170
* * 10

ob=
fl=(59)
fn=(267) runtime.concatstring3
+412 64 0
cfl=(59)
cfn=(265)
calls=0 -152 51
* * 660
cfl=(59)
cfn=(265)
calls=0 * 53
* * 530

ob=
fl=(59)
fn=(268) runtime.slicebytetostring
+656 112 0
cfl=(25)
cfn=(67)
calls=0 -264320 932
* * 220
cfl=(25)
cfn=(67)
calls=0 -262807 1142
* * 10
+16 114 0
cfl=(5)
cfn=(13)
calls=0 +85145 30
* * 10

ob=
fl=(59)
fn=(269) runtime.rawstring
+216 267 0
cfl=(25)
cfn=(67)
calls=0 -264992 932
* * 380
cfl=(25)
cfn=(67)
calls=0 -263996 1053
* * 180
cfl=(25)
cfn=(67)
calls=0 -264152 1042
* * 80
cfl=(25)
cfn=(67)
calls=0 -263256 1171
* * 20

ob=
fl=(59)
fn=(266)
* 131 0
cfl=(59)
cfn=(269)
calls=0 * 267
* * 660

ob=
fl=(20)
fn=(270) runtime.findfunc
+7341 862 0
cfl=(20)
cfn=(58)
calls=0 +7341 825
* * 20

ob=
fl=(38)
fn=(130)
+26843 251 0
cfl=(20)
cfn=(270)
calls=0 * 862
* * 20
+564 332 0
cfl=(6)
cfn=(187)
calls=0 -231252 801
* * 20

ob=
fl=(34)
fn=(233)
+21576 201 0
cfl=(34)
cfn=(108)
calls=0 -160824 260
* * 50
cfl=(34)
cfn=(108)
calls=0 -160859 250
* * 10
cfl=(34)
cfn=(108)
calls=0 -160851 251
* * 10
cfl=(34)
cfn=(108)
calls=0 -160743 248
* * 10

ob=
fl=(53)
fn=(196)
+320 368 0
cfl=(51)
cfn=(174)
calls=0 +320 19
* * 10

ob=
fl=(51)
fn=(174)
* 19 0
cfl=(1)
cfn=(10)
calls=0 -43776 337
* * 10

ob=
fl=(53)
fn=(196)
+28 369 0
cfl=(53)
cfn=(198)
calls=0 -238112 657
* * 10

ob=
fl=(15)
fn=(131)
+372 1298 0
cfl=(4)
cfn=(12)
calls=0 -328459 34
* * 60
cfl=(4)
cfn=(12)
calls=0 -328491 32
* * 20

ob=
fl=(15)
fn=(271) runtime.gcMarkTermination.func3
+356 1090 0
cfl=(8)
cfn=(169)
calls=0 -146176 1337
* * 390
cfl=(8)
cfn=(169)
calls=0 -145864 1383
* * 170
cfl=(8)
cfn=(169)
calls=0 -146024 1351
* * 10

ob=
fl=(15)
fn=(272) runtime.gcMarkTermination.func4
+124 1109 0
cfl=(8)
cfn=(240)
calls=0 -143928 1718
* * 200
cfl=(8)
cfn=(240)
calls=0 -144292 1692
* * 90

ob=
fl=(15)
fn=(273) runtime.gcMarkDone.func1
+292 814 0
cfl=(8)
cfn=(240)
calls=0 -144624 1676
* * 670
cfl=(8)
cfn=(240)
calls=0 -144052 1718
* * 600
cfl=(8)
cfn=(240)
calls=0 -144820 1663
* * 320
cfl=(8)
cfn=(240)
calls=0 -144132 1707
* * 40
cfl=(8)
cfn=(240)
calls=0 -144416 1692
* * 20
cfl=(8)
cfn=(240)
calls=0 -143940 1734
* * 10

ob=
fl=(48)
fn=(274) internal/reflectlite.typedmemmove
+2808 196 0
cfl=(48)
cfn=(275) reflect.typedmemmove
calls=0 +2808 191
* * 10

ob=
fl=(48)
fn=(275)
* 191 0
cfl=(48)
cfn=(157)
calls=0 -300296 171
* * 10

ob=
fl=(8)
fn=(276) runtime.entersyscall
+3048 3827 0
cfl=(8)
cfn=(123)
calls=0 -126991 3817
* * 10

ob=
fl=(8)
fn=(277) runtime.exitsyscall
+96 3932 0
cfl=(8)
cfn=(124)
calls=0 -128283 4014
* * 10

ob=
fl=(1)
fn=(1)
+5120 23 0
cfl=(8)
cfn=(276)
calls=0 -96 3827
* * 10
+20 25 0
cfl=(8)
cfn=(277)
calls=0 -5120 3932
* * 10

ob=
fl=(13)
fn=(278) gogo
+1260 145 0
cfl=(10)
cfn=(30)
calls=0 +20065 47
* * 10

ob=
fl=(13)
fn=(133)
+3024 180 0
cfl=(10)
cfn=(30)
calls=0 +18805 47
* * 20
+44 192 0
cfl=(8)
cfn=(54)
calls=0 -142840 3512
* * 24500
cfl=(8)
cfn=(54)
calls=0 -142964 3501
* * 90
cfl=(8)
cfn=(54)
calls=0 -143032 3497
* * 60
cfl=(8)
cfn=(54)
calls=0 -142904 3503
* * 40
cfl=(8)
cfn=(256)
calls=0 -142224 3535
* * 40
cfl=(8)
cfn=(261)
calls=0 -136580 4124
* * 40
cfl=(8)
cfn=(54)
calls=0 -142955 3502
* * 20
cfl=(8)
cfn=(54)
calls=0 -142916 3502
* * 10
cfl=(8)
cfn=(257)
calls=0 -141900 3555
* * 10

ob=
fl=(13)
fn=(60)
+132 236 0
cfl=(10)
cfn=(30)
calls=0 +15737 47
* * 20
cfl=(10)
cfn=(30)
calls=0 +15741 48
* * 10
+20 243 0
cfl=(15)
cfn=(177)
calls=0 -285064 1348
* * 7340
cfl=(15)
cfn=(177)
calls=0 -285108 1367
* * 6930
cfl=(7)
cfn=(220)
calls=0 -234396 961
* * 5730
cfl=(15)
cfn=(177)
calls=0 -284884 1363
* * 4370
cfl=(15)
cfn=(168)
calls=0 -291400 730
* * 2210
cfl=(6)
cfn=(185)
calls=0 -274068 475
* * 1850
cfl=(15)
cfn=(273)
calls=0 -15552 814
* * 1660
cfl=(53)
cfn=(199)
calls=0 -254684 658
* * 850
cfl=(7)
cfn=(227)
calls=0 -230184 1542
* * 610
cfl=(15)
cfn=(271)
calls=0 -15968 1090
* * 570
cfl=(7)
cfn=(220)
calls=0 -234416 959
* * 340
cfl=(15)
cfn=(272)
calls=0 -15844 1109
* * 290
cfl=(8)
cfn=(237)
calls=0 -162868 1298
* * 200
cfl=(8)
cfn=(237)
calls=0 -163316 1265
* * 100
cfl=(12)
cfn=(214)
calls=0 -237580 483
* * 80
cfl=(7)
cfn=(227)
calls=0 -230152 1556
* * 30
cfl=(15)
cfn=(172)
calls=0 -286696 942
* * 10
cfl=(15)
cfn=(177)
calls=0 -285160 1343
* * 10
cfl=(7)
cfn=(227)
calls=0 -230168 1555
* * 10
cfl=(8)
cfn=(237)
calls=0 -162948 1284
* * 10
cfl=(8)
cfn=(237)
calls=0 -162908 1292
* * 10
cfl=(8)
cfn=(258)
calls=0 -139312 3843
* * 10
cfl=(8)
cfn=(259)
calls=0 -137700 4025
* * 10

ob=
fl=(13)
fn=(279) runtime.morestack
+160 311 0
cfl=(10)
cfn=(30)
calls=0 +15585 47
* * 10
+20 316 0
cfl=(19)
cfn=(57)
calls=0 -80632 1072
* * 1830

ob=
fl=(60) /usr/local/go/src/internal/reflectlite/swapper.go
fn=(280) internal/reflectlite.Swapper.func9
+21940 76 0
cfl=(48)
cfn=(274)
calls=0 -12944 196
* * 10

ob=
fl=(61) /usr/local/go/src/sync/pool.go
fn=(281) sync.(*Pool).Get
+9564 131 0
cfl=(61)
cfn=(282) sync.(*Pool).pin
calls=0 +10280 209
* * 10

ob=
fl=(61)
fn=(282)
+716 209 0
cfl=(61)
cfn=(283) sync.(*Pool).pinSlow
calls=0 +1172 229
* * 10

ob=
fl=(61)
fn=(283)
+456 229 0
cfl=(45)
cfn=(142)
calls=0 -392288 21
* * 10

ob=
fl=(62) /usr/local/go/src/strings/builder.go
fn=(284) strings.(*Builder).Grow
+37616 82 0
cfl=(62)
cfn=(285) strings.(*Builder).grow
calls=0 +37616 68
* * 20

ob=
fl=(62)
fn=(285)
* 68 0
cfl=(58)
cfn=(264)
calls=0 -159268 103
* * 20

ob=
fl=(39)
fn=(286) strings.Join
* 440 0
cfl=(62)
cfn=(284)
calls=0 * 82
* * 20

ob=
fl=(39)
fn=(287) strings.Index
+2332 1184 0
cfl=(39)
cfn=(288) strings.IndexByte
calls=0 +2332 111
* * 10

ob=
fl=(39)
fn=(288)
* 111 0
cfl=(23)
cfn=(64)
calls=0 -447827 111
* * 10

ob=
fl=(40)
fn=(289) bufio.(*Scanner).Scan
+1388 145 0
cfl=(14)
cfn=(45)
calls=0 -60655 7
* * 10
+96 146 0
cfl=(40)
cfn=(135)
calls=0 +2548 354
* * 20
cfl=(40)
cfn=(135)
calls=0 +2529 350
* * 10
+836 204 0
cfl=(58)
cfn=(264)
calls=0 -163084 103
* * 10
+1368 214 0
cfl=(63) /usr/local/go/src/os/file.go
cfn=(290) os.(*File).Read
calls=0 +182460 118
* * 11680

ob=
fl=(40)
fn=(135)
+248 354 0
cfl=(64) /usr/local/go/src/bytes/bytes.go
cfn=(291) bytes.IndexByte
calls=0 +248 91
* * 20

ob=
fl=(64)
fn=(291)
* 91 0
cfl=(23)
cfn=(64)
calls=0 -451851 74
* * 10
cfl=(23)
cfn=(64)
calls=0 -451815 89
* * 10

ob=
fl=(21)
fn=(137)
+37557 531 0
cfl=(21)
cfn=(136)
calls=0 +37557 505
* * 10

ob=
fl=(21)
fn=(292) reflect.(*rtype).FieldByName
+3423 1003 0
cfl=(21)
cfn=(62)
calls=0 +7463 1423
* * 100
cfl=(21)
cfn=(62)
calls=0 +7360 1433
* * 20
cfl=(21)
cfn=(62)
calls=0 +7415 1422
* * 20
cfl=(21)
cfn=(62)
calls=0 +7416 1422
* * 10

ob=
fl=(21)
fn=(61)
+1716 1279 0
cfl=(25)
cfn=(156)
calls=0 -453992 1254
* * 80

ob=
fl=(21)
fn=(62)
+2276 1422 0
cfl=(21)
cfn=(137)
calls=0 -5139 531
* * 10
cfl=(21)
cfn=(137)
calls=0 -5083 532
* * 10
+48 1423 0
cfl=(21)
cfn=(61)
calls=0 -2276 1279
* * 80
cfl=(21)
cfn=(61)
calls=0 -2523 1256
* * 20

ob=
fl=(41)
fn=(138)
+13828 1346 0
cfl=(21)
cfn=(292)
calls=0 -4040 1003
* * 150

ob=
fl=(65) /usr/local/go/src/sort/slice.go
fn=(293) sort.Slice
+15924 26 0
cfl=(66) /usr/local/go/src/sort/zsortfunc.go
cfn=(294) sort.pdqsort_func
calls=0 +17968 125
* * 10

ob=
fl=(66)
fn=(295) sort.insertionSort_func
+740 13 0
cfl=(60)
cfn=(280)
calls=0 -129392 76
* * 10

ob=
fl=(66)
fn=(294)
+1304 125 0
cfl=(66)
cfn=(294)
calls=0 +1356 73
* * 10
+52 73 0
cfl=(66)
cfn=(295)
calls=0 -1304 13
* * 10

ob=
fl=(67) /usr/local/go/src/syscall/syscall_darwin.go
fn=(296) syscall.fdopendir
+17984 229 0
cfl=(1)
cfn=(26)
calls=0 -157484 79
* * 70

ob=
fl=(68) /usr/local/go/src/syscall/zsyscall_darwin_arm64.go
fn=(297) syscall.Close
+944 509 0
cfl=(1)
cfn=(1)
calls=0 -176076 24
* * 150

ob=
fl=(68)
fn=(298) syscall.closedir
+224 523 0
cfl=(1)
cfn=(1)
calls=0 -177020 24
* * 20

ob=
fl=(68)
fn=(299) syscall.Open
+748 1126 0
cfl=(1)
cfn=(1)
calls=0 -177244 24
* * 2480

ob=
fl=(68)
fn=(300) syscall.read
+600 1209 0
cfl=(1)
cfn=(1)
calls=0 -177992 24
* * 11680

ob=
fl=(68)
fn=(301) syscall.readdir_r
+260 1224 0
cfl=(1)
cfn=(1)
calls=0 -178592 24
* * 350
cfl=(1)
cfn=(1)
calls=0 -178588 25
* * 10

ob=
fl=(68)
fn=(302) syscall.write
+604 1673 0
cfl=(1)
cfn=(1)
calls=0 -178852 24
* * 4520
cfl=(1)
cfn=(1)
calls=0 -178868 23
* * 10

ob=
fl=(68)
fn=(303) syscall.Fstat
+1584 1896 0
cfl=(1)
cfn=(1)
calls=0 -179456 24
* * 50

ob=
fl=(68)
fn=(304) syscall.Lstat
+296 1943 0
cfl=(1)
cfn=(1)
calls=0 -181040 24
* * 7790

ob=
fl=(69) /usr/local/go/src/time/format.go
fn=(305) time.Parse
+21524 1014 0
cfl=(69)
cfn=(306) time.parse
calls=0 +30012 1364
* * 10

ob=
fl=(69)
fn=(306)
+8488 1364 0
cfl=(70) /usr/local/go/src/time/zoneinfo.go
cfn=(307) time.(*Location).lookup
calls=0 +20140 146
* * 10

ob=
fl=(70)
fn=(308) time.(*Location).get
+10829 92 0
cfl=(42)
cfn=(139)
calls=0 +10829 63
* * 10

ob=
fl=(70)
fn=(307)
+823 146 0
cfl=(70)
cfn=(308)
calls=0 * 92
* * 10

ob=
fl=(71) /usr/local/go/src/internal/poll/fd_mutex.go
fn=(309) internal/poll.(*FD).decref
+28420 213 0
cfl=(72) /usr/local/go/src/internal/poll/fd_unix.go
cfn=(310) internal/poll.(*FD).destroy
calls=0 +30132 84
* * 150

ob=
fl=(73) /usr/local/go/src/internal/poll/fd_opendir_darwin.go
fn=(311) internal/poll.(*FD).OpenDir
+332 24 0
cfl=(67)
cfn=(296)
calls=0 -75344 229
* * 70

ob=
fl=(72)
fn=(310)
+1380 84 0
cfl=(68)
cfn=(297)
calls=0 -74732 509
* * 150

ob=
fl=(72)
fn=(312) internal/poll.(*FD).Close
+148 107 0
cfl=(71)
cfn=(309)
calls=0 -1712 213
* * 150

ob=
fl=(72)
fn=(313) internal/poll.(*FD).Read
+684 163 0
cfl=(72)
cfn=(314) internal/poll.ignoringEINTRIO
calls=0 +684 794
* * 11680

ob=
fl=(72)
fn=(314)
* 794 0
cfl=(74) /usr/local/go/src/syscall/syscall_unix.go
cfn=(315) syscall.Read
calls=0 * 178
* * 11680

ob=
fl=(74)
fn=(315)
* 178 0
cfl=(68)
cfn=(300)
calls=0 -75372 1209
* * 11680

ob=
fl=(72)
fn=(316) internal/poll.(*FD).Write
+1564 383 0
cfl=(72)
cfn=(314)
calls=0 +1564 794
* * 4530

ob=
fl=(72)
fn=(314)
* 794 0
cfl=(74)
cfn=(317) syscall.Write
calls=0 * 206
* * 4530

ob=
fl=(74)
fn=(317)
* 206 0
cfl=(68)
cfn=(302)
calls=0 -76072 1673
* * 4530

ob=
fl=(75) /usr/local/go/src/os/dir.go
fn=(318) os.(*File).ReadDir
+3060 98 0
cfl=(76) /usr/local/go/src/os/dir_darwin.go
cfn=(319) os.(*File).readdir
calls=0 +3840 48
* * 360
cfl=(76)
cfn=(319)
calls=0 +3252 29
* * 70
cfl=(76)
cfn=(319)
calls=0 +4276 74
* * 10

ob=
fl=(76)
fn=(319)
+192 29 0
cfl=(73)
cfn=(311)
calls=0 -6836 24
* * 70
+588 48 0
cfl=(68)
cfn=(301)
calls=0 -79928 1224
* * 360
+436 74 0
cfl=(59)
cfn=(268)
calls=0 -328504 112
* * 10

ob=
fl=(63)
fn=(290)
+2264 118 0
cfl=(77) /usr/local/go/src/os/file_posix.go
cfn=(320) os.(*File).read
calls=0 +2264 31
* * 11680

ob=
fl=(77)
fn=(320)
* 31 0
cfl=(72)
cfn=(313)
calls=0 -8104 163
* * 11680

ob=
fl=(63)
fn=(321) os.(*File).Write
+1300 175 0
cfl=(77)
cfn=(322) os.(*File).write
calls=0 +1300 48
* * 4530

ob=
fl=(77)
fn=(322)
* 48 0
cfl=(72)
cfn=(316)
calls=0 -7840 383
* * 4530

ob=
fl=(63)
fn=(323) os.OpenFile
+912 326 0
cfl=(43)
cfn=(324) os.openFileNolog
calls=0 +3452 245
* * 2480
cfl=(43)
cfn=(324)
calls=0 +3716 274
* * 50

ob=
fl=(77)
fn=(325) os.(*File).Close
+900 25 0
cfl=(43)
cfn=(326) os.(*file).close
calls=0 +2996 286
* * 140

ob=
fl=(77)
fn=(327) os.ignoringEINTR
+1248 245 0
cfl=(43)
cfn=(328) os.newFile.func1
calls=0 +1248 164
* * 50

ob=
fl=(43)
fn=(329) os.newFile
* 163 0
cfl=(77)
cfn=(327)
calls=0 * 245
* * 50

ob=
fl=(43)
fn=(328)
* 164 0
cfl=(68)
cfn=(303)
calls=0 -85388 1896
* * 50

ob=
fl=(43)
fn=(324)
+392 245 0
cfl=(68)
cfn=(299)
calls=0 -88436 1126
* * 2480
+264 274 0
cfl=(43)
cfn=(329)
calls=0 -392 163
* * 50

ob=
fl=(76)
fn=(330) os.(*dirInfo).close
+140 23 0
cfl=(68)
cfn=(298)
calls=0 -89840 523
* * 20

ob=
fl=(43)
fn=(326)
* 282 0
cfl=(76)
cfn=(330)
calls=0 * 23
* * 20
+52 286 0
cfl=(72)
cfn=(312)
calls=0 -13944 107
* * 150

ob=
fl=(43)
fn=(331) os.(*unixDirent).Info
+480 443 0
cfl=(78) /usr/local/go/src/os/stat.go
cfn=(332) os.Lstat
calls=0 +1884 22
* * 7780

ob=
fl=(78)
fn=(332)
+1404 22 0
cfl=(79) /usr/local/go/src/os/stat_unix.go
cfn=(333) os.lstatNolog
calls=0 +2924 44
* * 7790

ob=
fl=(77)
fn=(327)
+1520 245 0
cfl=(79)
cfn=(334) os.lstatNolog.func1
calls=0 +1520 45
* * 7790

ob=
fl=(79)
fn=(333)
* 44 0
cfl=(77)
cfn=(327)
calls=0 * 245
* * 7790

ob=
fl=(79)
fn=(334)
* 45 0
cfl=(68)
cfn=(304)
calls=0 -89344 1943
* * 7790

ob=
fl=(22)
fn=(335) encoding/json.Marshal
+42588 158 0
cfl=(22)
cfn=(336) encoding/json.newEncodeState
calls=0 +44372 303
* * 10
+88 161 0
cfl=(22)
cfn=(337) encoding/json.(*encodeState).marshal
calls=0 +2276 330
* * 50

ob=
fl=(22)
fn=(336)
+1696 303 0
cfl=(61)
cfn=(281)
calls=0 -277188 131
* * 10

ob=
fl=(22)
fn=(337)
+492 330 0
cfl=(22)
cfn=(338) encoding/json.(*encodeState).reflectValue
calls=0 +1692 358
* * 50

ob=
fl=(22)
fn=(338)
+1200 358 0
cfl=(22)
cfn=(339) encoding/json.structEncoder.encode
calls=0 +10136 759
* * 50

ob=
fl=(22)
fn=(340) encoding/json.stringEncoder
+6948 645 0
cfl=(22)
cfn=(63)
calls=0 +17853 1032
* * 20
cfl=(22)
cfn=(63)
calls=0 +17852 1032
* * 10
cfl=(22)
cfn=(63)
calls=0 +17872 1032
* * 10
cfl=(22)
cfn=(63)
calls=0 +17873 1033
* * 10

ob=
fl=(22)
fn=(339)
+1988 759 0
cfl=(22)
cfn=(340)
calls=0 * 645
* * 50

ob=
fl=(22)
fn=(63)
+8916 1032 0
cfl=(14)
cfn=(45)
calls=0 -309047 7
* * 10
+20 1032 0
cfl=(14)
cfn=(45)
calls=0 -317963 7
* * 10

ob=
fl=(44)
fn=(341) path/filepath.Clean
+37133 163 0
cfl=(44)
cfn=(141)
calls=0 +37133 44
* * 10
+16 163 0
cfl=(44)
cfn=(141)
calls=0 +16 45
* * 10

ob=
fl=(44)
fn=(342) path/filepath.walkDir
+583 445 0
cfl=(57)
cfn=(343) main.main.func1
calls=0 +75407 263
* * 28610
cfl=(57)
cfn=(344) main.writeToFile.func1
calls=0 +73963 219
* * 15800
cfl=(57)
cfn=(344)
calls=0 +73883 213
* * 7780
cfl=(57)
cfn=(344)
calls=0 +74243 230
* * 3280
cfl=(57)
cfn=(344)
calls=0 +74263 231
* * 790
cfl=(57)
cfn=(344)
calls=0 +74307 232
* * 460
cfl=(57)
cfn=(344)
calls=0 +74131 225
* * 60
cfl=(57)
cfn=(344)
calls=0 +74115 225
* * 30
+172 453 0
cfl=(44)
cfn=(345) path/filepath.readDir
calls=0 +1236 586
* * 440
cfl=(44)
cfn=(345)
calls=0 +1220 582
* * 170
cfl=(44)
cfn=(345)
calls=0 +1276 587
* * 30
cfl=(44)
cfn=(345)
calls=0 +1392 591
* * 10
+244 466 0
cfl=(43)
cfn=(140)
calls=0 -104911 435
* * 10

ob=
fl=(44)
fn=(346) path/filepath.Join
+48 266 0
cfl=(80) /usr/local/go/src/path/filepath/path_unix.go
cfn=(347) path/filepath.join
calls=0 +1400 49
* * 20
cfl=(80)
cfn=(347)
calls=0 +1404 49
* * 20

ob=
fl=(44)
fn=(342)
* 466 0
cfl=(44)
cfn=(346)
calls=0 * 266
* * 40
+16 467 0
cfl=(44)
cfn=(342)
calls=0 -464 445
* * 28610
cfl=(44)
cfn=(342)
calls=0 -292 453
* * 640
cfl=(44)
cfn=(342)
calls=0 * 466
* * 40
cfl=(44)
cfn=(342)
calls=0 -48 466
* * 10

ob=
fl=(44)
fn=(348) path/filepath.WalkDir
+180 531 0
cfl=(78)
cfn=(332)
calls=0 -103668 22
* * 10
+140 535 0
cfl=(44)
cfn=(342)
calls=0 -180 467
* * 28950
cfl=(44)
cfn=(342)
calls=0 -488 453
* * 10

ob=
fl=(63)
fn=(349) os.Open
+420 306 0
cfl=(63)
cfn=(323)
calls=0 -108868 326
* * 170

ob=
fl=(44)
fn=(345)
* 582 0
cfl=(63)
cfn=(349)
calls=0 * 306
* * 170
+16 586 0
cfl=(75)
cfn=(318)
calls=0 -114980 98
* * 440

ob=
fl=(77)
fn=(325)
+40 25 0
cfl=(43)
cfn=(326)
calls=0 -106360 282
* * 20
cfl=(43)
cfn=(326)
calls=0 -106308 286
* * 10

ob=
fl=(44)
fn=(345)
* 587 0
cfl=(77)
cfn=(325)
calls=0 * 25
* * 30
+116 591 0
cfl=(65)
cfn=(293)
calls=0 -217628 26
* * 10

ob=
fl=(80)
fn=(347)
+424 49 0
cfl=(39)
cfn=(286)
calls=0 -298784 440
* * 20
+4 49 0
cfl=(44)
cfn=(341)
calls=0 -2415 163
* * 10
cfl=(44)
cfn=(341)
calls=0 -2399 163
* * 10

ob=
fl=(57)
fn=(350) main.visit
+67080 43 0
cfl=(63)
cfn=(349)
calls=0 +67080 306
* * 2340

ob=
fl=(63)
fn=(349)
* 306 0
cfl=(63)
cfn=(323)
calls=0 -176968 326
* * 2340

ob=
fl=(40)
fn=(351) bufio.(*Scanner).Text
+224 113 0
cfl=(59)
cfn=(268)
calls=0 -510384 112
* * 220
cfl=(59)
cfn=(268)
calls=0 -510368 114
* * 10

ob=
fl=(57)
fn=(350)
* 56 0
cfl=(40)
cfn=(351)
calls=0 * 113
* * 230
+16 57 0
cfl=(57)
cfn=(352) main.parseLine
calls=0 +3448 149
* * 1190
cfl=(57)
cfn=(352)
calls=0 +3360 147
* * 150
cfl=(57)
cfn=(352)
calls=0 +556 67
* * 10
cfl=(57)
cfn=(352)
calls=0 +580 68
* * 10
cfl=(57)
cfn=(352)
calls=0 +1592 86
* * 10
cfl=(57)
cfn=(352)
calls=0 +2992 138
* * 10
+20 55 0
cfl=(40)
cfn=(289)
calls=0 -360512 214
* * 11680
cfl=(40)
cfn=(289)
calls=0 -362716 146
* * 30
cfl=(40)
cfn=(289)
calls=0 -362812 145
* * 10
cfl=(40)
cfn=(289)
calls=0 -361880 204
* * 10
+264 63 0
cfl=(77)
cfn=(325)
calls=0 -176328 25
* * 120

ob=
fl=(57)
fn=(352)
+256 67 0
cfl=(39)
cfn=(134)
calls=0 -364867 1022
* * 10
+24 68 0
cfl=(39)
cfn=(353) strings.Contains
calls=0 +24 59
* * 10

ob=
fl=(39)
fn=(353)
* 59 0
cfl=(39)
cfn=(287)
calls=0 -364764 1184
* * 10

ob=
fl=(57)
fn=(352)
+1012 86 0
cfl=(69)
cfn=(305)
calls=0 -239192 1014
* * 10
+1400 138 0
cfl=(41)
cfn=(138)
calls=0 -302992 1346
* * 10
+368 147 0
cfl=(41)
cfn=(138)
calls=0 -304392 1346
* * 140
cfl=(41)
cfn=(138)
calls=0 -304391 1346
* * 10
+88 149 0
cfl=(59)
cfn=(267)
calls=0 -514624 64
* * 1190

ob=
fl=(57)
fn=(354) main.writeToFile
+248 196 0
cfl=(63)
cfn=(355) os.Create
calls=0 +248 315
* * 20

ob=
fl=(63)
fn=(355)
* 315 0
cfl=(63)
cfn=(323)
calls=0 -180888 326
* * 20

ob=
fl=(57)
fn=(354)
+192 205 0
cfl=(44)
cfn=(348)
calls=0 -72020 535
* * 28560
cfl=(44)
cfn=(348)
calls=0 -72160 531
* * 10
+56 238 0
cfl=(77)
cfn=(325)
calls=0 -180180 25
* * 20

ob=
fl=(57)
fn=(344)
+232 213 0
cfl=(43)
cfn=(331)
calls=0 -177660 443
* * 7780
+80 219 0
cfl=(57)
cfn=(350)
calls=0 -4140 55
* * 11730
cfl=(57)
cfn=(350)
calls=0 -4400 43
* * 2340
cfl=(57)
cfn=(350)
calls=0 -4160 57
* * 1380
cfl=(57)
cfn=(350)
calls=0 -4176 56
* * 230
cfl=(57)
cfn=(350)
calls=0 -3876 63
* * 120
+152 225 0
cfl=(47)
cfn=(145)
calls=0 -787920 331
* * 30
+16 225 0
cfl=(22)
cfn=(335)
calls=0 -132524 161
* * 50
cfl=(22)
cfn=(335)
calls=0 -132612 158
* * 10
+112 230 0
cfl=(63)
cfn=(356) os.(*File).WriteString
calls=0 +112 247
* * 3280

ob=
fl=(63)
fn=(356)
* 247 0
cfl=(63)
cfn=(321)
calls=0 -182640 175
* * 3280

ob=
fl=(57)
fn=(344)
+20 231 0
cfl=(63)
cfn=(321)
calls=0 -182640 175
* * 790
+44 232 0
cfl=(63)
cfn=(356)
calls=0 +44 247
* * 460

ob=
fl=(63)
fn=(356)
* 247 0
cfl=(63)
cfn=(321)
calls=0 -182704 175
* * 460

ob=
fl=(57)
fn=(236)
+492 254 0
cfl=(44)
cfn=(348)
calls=0 -72924 535
* * 28950

ob=
fl=(57)
fn=(343)
+608 263 0
cfl=(57)
cfn=(354)
calls=0 -1204 205
* * 28570
cfl=(57)
cfn=(354)
calls=0 -1396 196
* * 20
cfl=(57)
cfn=(354)
calls=0 -1148 238
* * 20
